{"E:\\Workshop\\TechDev\\Bimestre4\\grupo-01\\Frontend\\src\\components\\auth\\Login.js": {"path":"E:\\Workshop\\TechDev\\Bimestre4\\grupo-01\\Frontend\\src\\components\\auth\\Login.js","statementMap":{"0":{"start":{"line":6,"column":14},"end":{"line":117,"column":1}},"1":{"start":{"line":7,"column":36},"end":{"line":7,"column":51}},"2":{"start":{"line":8,"column":28},"end":{"line":8,"column":43}},"3":{"start":{"line":9,"column":26},"end":{"line":9,"column":41}},"4":{"start":{"line":11,"column":23},"end":{"line":29,"column":3}},"5":{"start":{"line":12,"column":4},"end":{"line":12,"column":23}},"6":{"start":{"line":13,"column":15},"end":{"line":13,"column":55}},"7":{"start":{"line":14,"column":4},"end":{"line":28,"column":5}},"8":{"start":{"line":15,"column":6},"end":{"line":24,"column":7}},"9":{"start":{"line":19,"column":8},"end":{"line":19,"column":28}},"10":{"start":{"line":20,"column":8},"end":{"line":20,"column":49}},"11":{"start":{"line":23,"column":8},"end":{"line":23,"column":22}},"12":{"start":{"line":27,"column":6},"end":{"line":27,"column":21}},"13":{"start":{"line":31,"column":22},"end":{"line":39,"column":3}},"14":{"start":{"line":32,"column":4},"end":{"line":36,"column":5}},"15":{"start":{"line":33,"column":6},"end":{"line":33,"column":21}},"16":{"start":{"line":34,"column":6},"end":{"line":34,"column":22}},"17":{"start":{"line":35,"column":6},"end":{"line":35,"column":13}},"18":{"start":{"line":37,"column":4},"end":{"line":37,"column":19}},"19":{"start":{"line":38,"column":4},"end":{"line":38,"column":20}},"20":{"start":{"line":42,"column":2},"end":{"line":116,"column":4}},"21":{"start":{"line":98,"column":31},"end":{"line":98,"column":55}}},"fnMap":{"0":{"name":"(anonymous_0)","decl":{"start":{"line":6,"column":14},"end":{"line":6,"column":15}},"loc":{"start":{"line":6,"column":74},"end":{"line":117,"column":1}},"line":6},"1":{"name":"(anonymous_1)","decl":{"start":{"line":11,"column":23},"end":{"line":11,"column":24}},"loc":{"start":{"line":11,"column":30},"end":{"line":29,"column":3}},"line":11},"2":{"name":"(anonymous_2)","decl":{"start":{"line":31,"column":22},"end":{"line":31,"column":23}},"loc":{"start":{"line":31,"column":41},"end":{"line":39,"column":3}},"line":31},"3":{"name":"(anonymous_3)","decl":{"start":{"line":98,"column":25},"end":{"line":98,"column":26}},"loc":{"start":{"line":98,"column":31},"end":{"line":98,"column":55}},"line":98}},"branchMap":{"0":{"loc":{"start":{"line":14,"column":4},"end":{"line":28,"column":5}},"type":"if","locations":[{"start":{"line":14,"column":4},"end":{"line":28,"column":5}},{"start":{"line":25,"column":11},"end":{"line":28,"column":5}}],"line":14},"1":{"loc":{"start":{"line":15,"column":6},"end":{"line":24,"column":7}},"type":"if","locations":[{"start":{"line":15,"column":6},"end":{"line":24,"column":7}},{"start":{"line":21,"column":13},"end":{"line":24,"column":7}}],"line":15},"2":{"loc":{"start":{"line":16,"column":8},"end":{"line":17,"column":53}},"type":"binary-expr","locations":[{"start":{"line":16,"column":8},"end":{"line":16,"column":47}},{"start":{"line":17,"column":8},"end":{"line":17,"column":53}}],"line":16},"3":{"loc":{"start":{"line":32,"column":4},"end":{"line":36,"column":5}},"type":"if","locations":[{"start":{"line":32,"column":4},"end":{"line":36,"column":5}},{"start":{},"end":{}}],"line":32},"4":{"loc":{"start":{"line":44,"column":36},"end":{"line":44,"column":56}},"type":"cond-expr","locations":[{"start":{"line":44,"column":43},"end":{"line":44,"column":49}},{"start":{"line":44,"column":52},"end":{"line":44,"column":56}}],"line":44},"5":{"loc":{"start":{"line":47,"column":7},"end":{"line":63,"column":7}},"type":"cond-expr","locations":[{"start":{"line":47,"column":16},"end":{"line":47,"column":20}},{"start":{"line":48,"column":8},"end":{"line":62,"column":19}}],"line":47},"6":{"loc":{"start":{"line":64,"column":7},"end":{"line":76,"column":7}},"type":"cond-expr","locations":[{"start":{"line":64,"column":15},"end":{"line":64,"column":19}},{"start":{"line":65,"column":8},"end":{"line":75,"column":19}}],"line":64},"7":{"loc":{"start":{"line":92,"column":22},"end":{"line":92,"column":53}},"type":"cond-expr","locations":[{"start":{"line":92,"column":34},"end":{"line":92,"column":40}},{"start":{"line":92,"column":43},"end":{"line":92,"column":53}}],"line":92}},"s":{"0":2,"1":21,"2":21,"3":21,"4":21,"5":1,"6":1,"7":1,"8":0,"9":0,"10":0,"11":0,"12":1,"13":21,"14":0,"15":0,"16":0,"17":0,"18":0,"19":0,"20":21,"21":0},"f":{"0":21,"1":1,"2":0,"3":0},"b":{"0":[0,1],"1":[0,0],"2":[0,0],"3":[0,0],"4":[4,17],"5":[20,1],"6":[21,0],"7":[0,21]},"_coverageSchema":"1a1c01bbd47fc00a2c39e90264f33305004495a9","hash":"f141654cb7f9e235ba46538022c081cbb1eff0c6"}
,"E:\\Workshop\\TechDev\\Bimestre4\\grupo-01\\Frontend\\src\\components\\auth\\Register.js": {"path":"E:\\Workshop\\TechDev\\Bimestre4\\grupo-01\\Frontend\\src\\components\\auth\\Register.js","statementMap":{"0":{"start":{"line":7,"column":4},"end":{"line":7,"column":12}},"1":{"start":{"line":8,"column":4},"end":{"line":19,"column":6}},"2":{"start":{"line":20,"column":4},"end":{"line":20,"column":53}},"3":{"start":{"line":21,"column":4},"end":{"line":21,"column":53}},"4":{"start":{"line":22,"column":4},"end":{"line":22,"column":51}},"5":{"start":{"line":23,"column":4},"end":{"line":23,"column":77}},"6":{"start":{"line":27,"column":16},"end":{"line":27,"column":32}},"7":{"start":{"line":28,"column":4},"end":{"line":28,"column":50}},"8":{"start":{"line":30,"column":4},"end":{"line":32,"column":7}},"9":{"start":{"line":36,"column":4},"end":{"line":36,"column":27}},"10":{"start":{"line":37,"column":4},"end":{"line":51,"column":5}},"11":{"start":{"line":38,"column":6},"end":{"line":38,"column":69}},"12":{"start":{"line":39,"column":18},"end":{"line":39,"column":20}},"13":{"start":{"line":40,"column":6},"end":{"line":40,"column":29}},"14":{"start":{"line":41,"column":6},"end":{"line":41,"column":29}},"15":{"start":{"line":42,"column":6},"end":{"line":42,"column":26}},"16":{"start":{"line":43,"column":6},"end":{"line":43,"column":29}},"17":{"start":{"line":44,"column":6},"end":{"line":44,"column":37}},"18":{"start":{"line":45,"column":6},"end":{"line":45,"column":38}},"19":{"start":{"line":46,"column":6},"end":{"line":46,"column":39}},"20":{"start":{"line":47,"column":6},"end":{"line":50,"column":15}},"21":{"start":{"line":48,"column":8},"end":{"line":48,"column":40}},"22":{"start":{"line":49,"column":8},"end":{"line":49,"column":38}},"23":{"start":{"line":55,"column":16},"end":{"line":55,"column":32}},"24":{"start":{"line":56,"column":17},"end":{"line":56,"column":19}},"25":{"start":{"line":57,"column":18},"end":{"line":57,"column":22}},"26":{"start":{"line":58,"column":15},"end":{"line":58,"column":31}},"27":{"start":{"line":59,"column":20},"end":{"line":61,"column":5}},"28":{"start":{"line":63,"column":4},"end":{"line":71,"column":5}},"29":{"start":{"line":64,"column":6},"end":{"line":64,"column":22}},"30":{"start":{"line":65,"column":6},"end":{"line":65,"column":58}},"31":{"start":{"line":67,"column":6},"end":{"line":70,"column":7}},"32":{"start":{"line":68,"column":8},"end":{"line":68,"column":24}},"33":{"start":{"line":69,"column":8},"end":{"line":69,"column":67}},"34":{"start":{"line":73,"column":4},"end":{"line":81,"column":5}},"35":{"start":{"line":74,"column":6},"end":{"line":74,"column":22}},"36":{"start":{"line":75,"column":6},"end":{"line":75,"column":60}},"37":{"start":{"line":77,"column":6},"end":{"line":80,"column":7}},"38":{"start":{"line":78,"column":8},"end":{"line":78,"column":24}},"39":{"start":{"line":79,"column":8},"end":{"line":79,"column":69}},"40":{"start":{"line":83,"column":4},"end":{"line":89,"column":5}},"41":{"start":{"line":84,"column":6},"end":{"line":84,"column":22}},"42":{"start":{"line":85,"column":6},"end":{"line":85,"column":54}},"43":{"start":{"line":86,"column":11},"end":{"line":89,"column":5}},"44":{"start":{"line":87,"column":6},"end":{"line":87,"column":22}},"45":{"start":{"line":88,"column":6},"end":{"line":88,"column":61}},"46":{"start":{"line":91,"column":4},"end":{"line":99,"column":5}},"47":{"start":{"line":92,"column":6},"end":{"line":92,"column":22}},"48":{"start":{"line":93,"column":6},"end":{"line":93,"column":62}},"49":{"start":{"line":95,"column":6},"end":{"line":98,"column":7}},"50":{"start":{"line":96,"column":8},"end":{"line":96,"column":24}},"51":{"start":{"line":97,"column":8},"end":{"line":97,"column":79}},"52":{"start":{"line":101,"column":4},"end":{"line":109,"column":5}},"53":{"start":{"line":102,"column":6},"end":{"line":102,"column":22}},"54":{"start":{"line":103,"column":6},"end":{"line":103,"column":71}},"55":{"start":{"line":105,"column":6},"end":{"line":108,"column":7}},"56":{"start":{"line":106,"column":8},"end":{"line":106,"column":24}},"57":{"start":{"line":107,"column":8},"end":{"line":107,"column":69}},"58":{"start":{"line":111,"column":4},"end":{"line":113,"column":7}},"59":{"start":{"line":115,"column":4},"end":{"line":115,"column":19}},"60":{"start":{"line":119,"column":4},"end":{"line":122,"column":5}},"61":{"start":{"line":120,"column":6},"end":{"line":120,"column":40}},"62":{"start":{"line":121,"column":6},"end":{"line":121,"column":13}},"63":{"start":{"line":123,"column":4},"end":{"line":123,"column":38}},"64":{"start":{"line":127,"column":4},"end":{"line":129,"column":7}},"65":{"start":{"line":133,"column":4},"end":{"line":251,"column":6}},"66":{"start":{"line":214,"column":33},"end":{"line":214,"column":64}}},"fnMap":{"0":{"name":"(anonymous_0)","decl":{"start":{"line":6,"column":2},"end":{"line":6,"column":3}},"loc":{"start":{"line":6,"column":21},"end":{"line":24,"column":3}},"line":6},"1":{"name":"(anonymous_1)","decl":{"start":{"line":26,"column":2},"end":{"line":26,"column":3}},"loc":{"start":{"line":26,"column":22},"end":{"line":33,"column":3}},"line":26},"2":{"name":"(anonymous_2)","decl":{"start":{"line":35,"column":2},"end":{"line":35,"column":3}},"loc":{"start":{"line":35,"column":22},"end":{"line":52,"column":3}},"line":35},"3":{"name":"(anonymous_3)","decl":{"start":{"line":47,"column":17},"end":{"line":47,"column":18}},"loc":{"start":{"line":47,"column":23},"end":{"line":50,"column":7}},"line":47},"4":{"name":"(anonymous_4)","decl":{"start":{"line":54,"column":2},"end":{"line":54,"column":3}},"loc":{"start":{"line":54,"column":13},"end":{"line":116,"column":3}},"line":54},"5":{"name":"(anonymous_5)","decl":{"start":{"line":118,"column":2},"end":{"line":118,"column":3}},"loc":{"start":{"line":118,"column":29},"end":{"line":124,"column":3}},"line":118},"6":{"name":"(anonymous_6)","decl":{"start":{"line":126,"column":2},"end":{"line":126,"column":3}},"loc":{"start":{"line":126,"column":29},"end":{"line":130,"column":3}},"line":126},"7":{"name":"(anonymous_7)","decl":{"start":{"line":132,"column":2},"end":{"line":132,"column":3}},"loc":{"start":{"line":132,"column":11},"end":{"line":252,"column":3}},"line":132},"8":{"name":"(anonymous_8)","decl":{"start":{"line":214,"column":27},"end":{"line":214,"column":28}},"loc":{"start":{"line":214,"column":33},"end":{"line":214,"column":64}},"line":214}},"branchMap":{"0":{"loc":{"start":{"line":37,"column":4},"end":{"line":51,"column":5}},"type":"if","locations":[{"start":{"line":37,"column":4},"end":{"line":51,"column":5}},{"start":{},"end":{}}],"line":37},"1":{"loc":{"start":{"line":63,"column":4},"end":{"line":71,"column":5}},"type":"if","locations":[{"start":{"line":63,"column":4},"end":{"line":71,"column":5}},{"start":{"line":66,"column":11},"end":{"line":71,"column":5}}],"line":63},"2":{"loc":{"start":{"line":67,"column":6},"end":{"line":70,"column":7}},"type":"if","locations":[{"start":{"line":67,"column":6},"end":{"line":70,"column":7}},{"start":{},"end":{}}],"line":67},"3":{"loc":{"start":{"line":67,"column":10},"end":{"line":67,"column":69}},"type":"binary-expr","locations":[{"start":{"line":67,"column":10},"end":{"line":67,"column":38}},{"start":{"line":67,"column":42},"end":{"line":67,"column":69}}],"line":67},"4":{"loc":{"start":{"line":73,"column":4},"end":{"line":81,"column":5}},"type":"if","locations":[{"start":{"line":73,"column":4},"end":{"line":81,"column":5}},{"start":{"line":76,"column":11},"end":{"line":81,"column":5}}],"line":73},"5":{"loc":{"start":{"line":77,"column":6},"end":{"line":80,"column":7}},"type":"if","locations":[{"start":{"line":77,"column":6},"end":{"line":80,"column":7}},{"start":{},"end":{}}],"line":77},"6":{"loc":{"start":{"line":77,"column":10},"end":{"line":77,"column":69}},"type":"binary-expr","locations":[{"start":{"line":77,"column":10},"end":{"line":77,"column":38}},{"start":{"line":77,"column":42},"end":{"line":77,"column":69}}],"line":77},"7":{"loc":{"start":{"line":83,"column":4},"end":{"line":89,"column":5}},"type":"if","locations":[{"start":{"line":83,"column":4},"end":{"line":89,"column":5}},{"start":{"line":86,"column":11},"end":{"line":89,"column":5}}],"line":83},"8":{"loc":{"start":{"line":86,"column":11},"end":{"line":89,"column":5}},"type":"if","locations":[{"start":{"line":86,"column":11},"end":{"line":89,"column":5}},{"start":{},"end":{}}],"line":86},"9":{"loc":{"start":{"line":91,"column":4},"end":{"line":99,"column":5}},"type":"if","locations":[{"start":{"line":91,"column":4},"end":{"line":99,"column":5}},{"start":{"line":94,"column":11},"end":{"line":99,"column":5}}],"line":91},"10":{"loc":{"start":{"line":95,"column":6},"end":{"line":98,"column":7}},"type":"if","locations":[{"start":{"line":95,"column":6},"end":{"line":98,"column":7}},{"start":{},"end":{}}],"line":95},"11":{"loc":{"start":{"line":101,"column":4},"end":{"line":109,"column":5}},"type":"if","locations":[{"start":{"line":101,"column":4},"end":{"line":109,"column":5}},{"start":{"line":104,"column":11},"end":{"line":109,"column":5}}],"line":101},"12":{"loc":{"start":{"line":105,"column":6},"end":{"line":108,"column":7}},"type":"if","locations":[{"start":{"line":105,"column":6},"end":{"line":108,"column":7}},{"start":{},"end":{}}],"line":105},"13":{"loc":{"start":{"line":119,"column":4},"end":{"line":122,"column":5}},"type":"if","locations":[{"start":{"line":119,"column":4},"end":{"line":122,"column":5}},{"start":{},"end":{}}],"line":119},"14":{"loc":{"start":{"line":135,"column":41},"end":{"line":135,"column":72}},"type":"cond-expr","locations":[{"start":{"line":135,"column":59},"end":{"line":135,"column":65}},{"start":{"line":135,"column":68},"end":{"line":135,"column":72}}],"line":135},"15":{"loc":{"start":{"line":138,"column":9},"end":{"line":154,"column":16}},"type":"cond-expr","locations":[{"start":{"line":139,"column":10},"end":{"line":153,"column":21}},{"start":{"line":154,"column":12},"end":{"line":154,"column":16}}],"line":138},"16":{"loc":{"start":{"line":205,"column":24},"end":{"line":205,"column":69}},"type":"cond-expr","locations":[{"start":{"line":205,"column":50},"end":{"line":205,"column":56}},{"start":{"line":205,"column":59},"end":{"line":205,"column":69}}],"line":205}},"s":{"0":17,"1":17,"2":17,"3":17,"4":17,"5":17,"6":14,"7":14,"8":14,"9":14,"10":14,"11":1,"12":1,"13":1,"14":1,"15":1,"16":1,"17":1,"18":1,"19":1,"20":1,"21":0,"22":0,"23":14,"24":14,"25":14,"26":14,"27":14,"28":14,"29":12,"30":12,"31":2,"32":1,"33":1,"34":14,"35":12,"36":12,"37":2,"38":1,"39":1,"40":14,"41":9,"42":9,"43":5,"44":4,"45":4,"46":14,"47":11,"48":11,"49":3,"50":1,"51":1,"52":14,"53":12,"54":12,"55":2,"56":1,"57":1,"58":14,"59":14,"60":0,"61":0,"62":0,"63":0,"64":0,"65":57,"66":0},"f":{"0":17,"1":14,"2":14,"3":0,"4":14,"5":0,"6":0,"7":57,"8":0},"b":{"0":[1,13],"1":[12,2],"2":[1,1],"3":[2,2],"4":[12,2],"5":[1,1],"6":[2,2],"7":[9,5],"8":[4,1],"9":[11,3],"10":[1,2],"11":[12,2],"12":[1,1],"13":[0,0],"14":[2,55],"15":[1,56],"16":[0,57]},"_coverageSchema":"1a1c01bbd47fc00a2c39e90264f33305004495a9","hash":"eedb1987d6f2dd11169901d246162243124fec8e"}
,"E:\\Workshop\\TechDev\\Bimestre4\\grupo-01\\Frontend\\src\\components\\body\\Card.js": {"path":"E:\\Workshop\\TechDev\\Bimestre4\\grupo-01\\Frontend\\src\\components\\body\\Card.js","statementMap":{"0":{"start":{"line":3,"column":13},"end":{"line":37,"column":1}},"1":{"start":{"line":4,"column":2},"end":{"line":36,"column":4}}},"fnMap":{"0":{"name":"(anonymous_0)","decl":{"start":{"line":3,"column":13},"end":{"line":3,"column":14}},"loc":{"start":{"line":3,"column":27},"end":{"line":37,"column":1}},"line":3}},"branchMap":{},"s":{"0":1,"1":16},"f":{"0":16},"b":{},"_coverageSchema":"1a1c01bbd47fc00a2c39e90264f33305004495a9","hash":"ec299dc38aafafc8882bac82a9a940ea484e8bfe"}
,"E:\\Workshop\\TechDev\\Bimestre4\\grupo-01\\Frontend\\src\\components\\body\\Cards.js": {"path":"E:\\Workshop\\TechDev\\Bimestre4\\grupo-01\\Frontend\\src\\components\\body\\Cards.js","statementMap":{"0":{"start":{"line":5,"column":14},"end":{"line":16,"column":1}},"1":{"start":{"line":6,"column":2},"end":{"line":15,"column":4}},"2":{"start":{"line":11,"column":10},"end":{"line":11,"column":46}}},"fnMap":{"0":{"name":"(anonymous_0)","decl":{"start":{"line":5,"column":14},"end":{"line":5,"column":15}},"loc":{"start":{"line":5,"column":20},"end":{"line":16,"column":1}},"line":5},"1":{"name":"(anonymous_1)","decl":{"start":{"line":10,"column":21},"end":{"line":10,"column":22}},"loc":{"start":{"line":11,"column":10},"end":{"line":11,"column":46}},"line":11}},"branchMap":{},"s":{"0":1,"1":2,"2":16},"f":{"0":2,"1":16},"b":{},"_coverageSchema":"1a1c01bbd47fc00a2c39e90264f33305004495a9","hash":"3e7e43fb8d46da60fc2f4315bb4cb207b8a657f9"}
,"E:\\Workshop\\TechDev\\Bimestre4\\grupo-01\\Frontend\\src\\components\\body\\Categories.js": {"path":"E:\\Workshop\\TechDev\\Bimestre4\\grupo-01\\Frontend\\src\\components\\body\\Categories.js","statementMap":{"0":{"start":{"line":7,"column":4},"end":{"line":26,"column":6}},"1":{"start":{"line":12,"column":12},"end":{"line":22,"column":14}}},"fnMap":{"0":{"name":"(anonymous_0)","decl":{"start":{"line":6,"column":2},"end":{"line":6,"column":3}},"loc":{"start":{"line":6,"column":11},"end":{"line":27,"column":3}},"line":6},"1":{"name":"(anonymous_1)","decl":{"start":{"line":11,"column":31},"end":{"line":11,"column":32}},"loc":{"start":{"line":11,"column":44},"end":{"line":23,"column":11}},"line":11}},"branchMap":{},"s":{"0":2,"1":8},"f":{"0":2,"1":8},"b":{},"_coverageSchema":"1a1c01bbd47fc00a2c39e90264f33305004495a9","hash":"333f51227885c31d819195373e1fd4cd2ba755df"}
,"E:\\Workshop\\TechDev\\Bimestre4\\grupo-01\\Frontend\\src\\components\\body\\Main.js": {"path":"E:\\Workshop\\TechDev\\Bimestre4\\grupo-01\\Frontend\\src\\components\\body\\Main.js","statementMap":{"0":{"start":{"line":5,"column":13},"end":{"line":12,"column":1}},"1":{"start":{"line":6,"column":2},"end":{"line":11,"column":4}}},"fnMap":{"0":{"name":"(anonymous_0)","decl":{"start":{"line":5,"column":13},"end":{"line":5,"column":14}},"loc":{"start":{"line":5,"column":19},"end":{"line":12,"column":1}},"line":5}},"branchMap":{},"s":{"0":1,"1":2},"f":{"0":2},"b":{},"_coverageSchema":"1a1c01bbd47fc00a2c39e90264f33305004495a9","hash":"19f5bfc7b23783fb0d967a8c244139a1380858e3"}
,"E:\\Workshop\\TechDev\\Bimestre4\\grupo-01\\Frontend\\src\\components\\body\\buscador\\Buscador.js": {"path":"E:\\Workshop\\TechDev\\Bimestre4\\grupo-01\\Frontend\\src\\components\\body\\buscador\\Buscador.js","statementMap":{"0":{"start":{"line":6,"column":17},"end":{"line":79,"column":1}},"1":{"start":{"line":7,"column":42},"end":{"line":7,"column":57}},"2":{"start":{"line":8,"column":44},"end":{"line":8,"column":59}},"3":{"start":{"line":9,"column":32},"end":{"line":9,"column":44}},"4":{"start":{"line":10,"column":34},"end":{"line":10,"column":46}},"5":{"start":{"line":11,"column":34},"end":{"line":11,"column":46}},"6":{"start":{"line":12,"column":27},"end":{"line":15,"column":3}},"7":{"start":{"line":17,"column":22},"end":{"line":28,"column":3}},"8":{"start":{"line":18,"column":4},"end":{"line":21,"column":5}},"9":{"start":{"line":19,"column":6},"end":{"line":19,"column":37}},"10":{"start":{"line":20,"column":6},"end":{"line":20,"column":30}},"11":{"start":{"line":22,"column":4},"end":{"line":23,"column":37}},"12":{"start":{"line":23,"column":6},"end":{"line":23,"column":37}},"13":{"start":{"line":24,"column":4},"end":{"line":27,"column":5}},"14":{"start":{"line":25,"column":6},"end":{"line":25,"column":39}},"15":{"start":{"line":26,"column":6},"end":{"line":26,"column":29}},"16":{"start":{"line":30,"column":27},"end":{"line":40,"column":3}},"17":{"start":{"line":31,"column":4},"end":{"line":39,"column":5}},"18":{"start":{"line":32,"column":6},"end":{"line":32,"column":74}},"19":{"start":{"line":33,"column":6},"end":{"line":33,"column":75}},"20":{"start":{"line":34,"column":11},"end":{"line":39,"column":5}},"21":{"start":{"line":35,"column":6},"end":{"line":35,"column":13}},"22":{"start":{"line":37,"column":6},"end":{"line":37,"column":21}},"23":{"start":{"line":38,"column":6},"end":{"line":38,"column":22}},"24":{"start":{"line":42,"column":2},"end":{"line":78,"column":4}}},"fnMap":{"0":{"name":"(anonymous_0)","decl":{"start":{"line":6,"column":17},"end":{"line":6,"column":18}},"loc":{"start":{"line":6,"column":23},"end":{"line":79,"column":1}},"line":6},"1":{"name":"(anonymous_1)","decl":{"start":{"line":17,"column":22},"end":{"line":17,"column":23}},"loc":{"start":{"line":17,"column":29},"end":{"line":28,"column":3}},"line":17},"2":{"name":"(anonymous_2)","decl":{"start":{"line":30,"column":27},"end":{"line":30,"column":28}},"loc":{"start":{"line":30,"column":37},"end":{"line":40,"column":3}},"line":30}},"branchMap":{"0":{"loc":{"start":{"line":18,"column":4},"end":{"line":21,"column":5}},"type":"if","locations":[{"start":{"line":18,"column":4},"end":{"line":21,"column":5}},{"start":{},"end":{}}],"line":18},"1":{"loc":{"start":{"line":22,"column":4},"end":{"line":23,"column":37}},"type":"if","locations":[{"start":{"line":22,"column":4},"end":{"line":23,"column":37}},{"start":{},"end":{}}],"line":22},"2":{"loc":{"start":{"line":24,"column":4},"end":{"line":27,"column":5}},"type":"if","locations":[{"start":{"line":24,"column":4},"end":{"line":27,"column":5}},{"start":{},"end":{}}],"line":24},"3":{"loc":{"start":{"line":31,"column":4},"end":{"line":39,"column":5}},"type":"if","locations":[{"start":{"line":31,"column":4},"end":{"line":39,"column":5}},{"start":{"line":34,"column":11},"end":{"line":39,"column":5}}],"line":31},"4":{"loc":{"start":{"line":34,"column":11},"end":{"line":39,"column":5}},"type":"if","locations":[{"start":{"line":34,"column":11},"end":{"line":39,"column":5}},{"start":{"line":36,"column":11},"end":{"line":39,"column":5}}],"line":34},"5":{"loc":{"start":{"line":49,"column":16},"end":{"line":49,"column":61}},"type":"cond-expr","locations":[{"start":{"line":49,"column":28},"end":{"line":49,"column":45}},{"start":{"line":49,"column":48},"end":{"line":49,"column":61}}],"line":49},"6":{"loc":{"start":{"line":50,"column":13},"end":{"line":57,"column":13}},"type":"cond-expr","locations":[{"start":{"line":50,"column":30},"end":{"line":50,"column":34}},{"start":{"line":51,"column":14},"end":{"line":56,"column":20}}],"line":50},"7":{"loc":{"start":{"line":62,"column":15},"end":{"line":64,"column":40}},"type":"cond-expr","locations":[{"start":{"line":63,"column":18},"end":{"line":63,"column":44}},{"start":{"line":64,"column":18},"end":{"line":64,"column":40}}],"line":62},"8":{"loc":{"start":{"line":66,"column":13},"end":{"line":72,"column":13}},"type":"binary-expr","locations":[{"start":{"line":66,"column":13},"end":{"line":66,"column":25}},{"start":{"line":67,"column":14},"end":{"line":71,"column":16}}],"line":66}},"s":{"0":1,"1":5,"2":5,"3":5,"4":5,"5":5,"6":5,"7":5,"8":2,"9":1,"10":1,"11":2,"12":0,"13":2,"14":1,"15":1,"16":5,"17":0,"18":0,"19":0,"20":0,"21":0,"22":0,"23":0,"24":5},"f":{"0":5,"1":2,"2":0},"b":{"0":[1,1],"1":[0,2],"2":[1,1],"3":[0,0],"4":[0,0],"5":[5,0],"6":[4,1],"7":[0,5],"8":[5,1]},"_coverageSchema":"1a1c01bbd47fc00a2c39e90264f33305004495a9","hash":"d32ca6378dbfd7f362fc7dbd203071e97b4004b1"}
,"E:\\Workshop\\TechDev\\Bimestre4\\grupo-01\\Frontend\\src\\components\\body\\buscador\\CustomCalendar.js": {"path":"E:\\Workshop\\TechDev\\Bimestre4\\grupo-01\\Frontend\\src\\components\\body\\buscador\\CustomCalendar.js","statementMap":{"0":{"start":{"line":5,"column":23},"end":{"line":47,"column":1}},"1":{"start":{"line":6,"column":26},"end":{"line":6,"column":46}},"2":{"start":{"line":8,"column":2},"end":{"line":46,"column":4}},"3":{"start":{"line":15,"column":46},"end":{"line":15,"column":71}},"4":{"start":{"line":16,"column":40},"end":{"line":16,"column":59}},"5":{"start":{"line":29,"column":46},"end":{"line":29,"column":71}},"6":{"start":{"line":30,"column":40},"end":{"line":30,"column":59}},"7":{"start":{"line":41,"column":23},"end":{"line":41,"column":45}}},"fnMap":{"0":{"name":"(anonymous_0)","decl":{"start":{"line":5,"column":23},"end":{"line":5,"column":24}},"loc":{"start":{"line":5,"column":49},"end":{"line":47,"column":1}},"line":5},"1":{"name":"(anonymous_1)","decl":{"start":{"line":15,"column":28},"end":{"line":15,"column":29}},"loc":{"start":{"line":15,"column":46},"end":{"line":15,"column":71}},"line":15},"2":{"name":"(anonymous_2)","decl":{"start":{"line":16,"column":25},"end":{"line":16,"column":26}},"loc":{"start":{"line":16,"column":40},"end":{"line":16,"column":59}},"line":16},"3":{"name":"(anonymous_3)","decl":{"start":{"line":29,"column":28},"end":{"line":29,"column":29}},"loc":{"start":{"line":29,"column":46},"end":{"line":29,"column":71}},"line":29},"4":{"name":"(anonymous_4)","decl":{"start":{"line":30,"column":25},"end":{"line":30,"column":26}},"loc":{"start":{"line":30,"column":40},"end":{"line":30,"column":59}},"line":30},"5":{"name":"(anonymous_5)","decl":{"start":{"line":41,"column":17},"end":{"line":41,"column":18}},"loc":{"start":{"line":41,"column":23},"end":{"line":41,"column":45}},"line":41}},"branchMap":{},"s":{"0":1,"1":1,"2":1,"3":14,"4":2,"5":7,"6":1,"7":0},"f":{"0":1,"1":14,"2":2,"3":7,"4":1,"5":0},"b":{},"_coverageSchema":"1a1c01bbd47fc00a2c39e90264f33305004495a9","hash":"1b1066b86d66f2baceabb9122c184cd327d63cc5"}
,"E:\\Workshop\\TechDev\\Bimestre4\\grupo-01\\Frontend\\src\\components\\body\\buscador\\LocationsList.js": {"path":"E:\\Workshop\\TechDev\\Bimestre4\\grupo-01\\Frontend\\src\\components\\body\\buscador\\LocationsList.js","statementMap":{"0":{"start":{"line":4,"column":22},"end":{"line":32,"column":1}},"1":{"start":{"line":5,"column":2},"end":{"line":31,"column":4}},"2":{"start":{"line":8,"column":8},"end":{"line":28,"column":10}},"3":{"start":{"line":14,"column":14},"end":{"line":14,"column":39}},"4":{"start":{"line":15,"column":14},"end":{"line":15,"column":38}}},"fnMap":{"0":{"name":"(anonymous_0)","decl":{"start":{"line":4,"column":22},"end":{"line":4,"column":23}},"loc":{"start":{"line":4,"column":61},"end":{"line":32,"column":1}},"line":4},"1":{"name":"(anonymous_1)","decl":{"start":{"line":7,"column":19},"end":{"line":7,"column":20}},"loc":{"start":{"line":7,"column":31},"end":{"line":29,"column":7}},"line":7},"2":{"name":"(anonymous_2)","decl":{"start":{"line":13,"column":21},"end":{"line":13,"column":22}},"loc":{"start":{"line":13,"column":28},"end":{"line":16,"column":13}},"line":13}},"branchMap":{},"s":{"0":1,"1":1,"2":8,"3":0,"4":0},"f":{"0":1,"1":8,"2":0},"b":{},"_coverageSchema":"1a1c01bbd47fc00a2c39e90264f33305004495a9","hash":"e7ae420c93c29ef42978e777d0381e42eeeac69e"}
,"E:\\Workshop\\TechDev\\Bimestre4\\grupo-01\\Frontend\\src\\components\\calendarAvailableDay\\CalendarAvailableDay.jsx": {"path":"E:\\Workshop\\TechDev\\Bimestre4\\grupo-01\\Frontend\\src\\components\\calendarAvailableDay\\CalendarAvailableDay.jsx","statementMap":{"0":{"start":{"line":4,"column":29},"end":{"line":79,"column":1}},"1":{"start":{"line":5,"column":28},"end":{"line":5,"column":42}},"2":{"start":{"line":6,"column":23},"end":{"line":27,"column":3}},"3":{"start":{"line":28,"column":26},"end":{"line":39,"column":3}},"4":{"start":{"line":29,"column":17},"end":{"line":29,"column":46}},"5":{"start":{"line":31,"column":18},"end":{"line":31,"column":20}},"6":{"start":{"line":33,"column":4},"end":{"line":36,"column":5}},"7":{"start":{"line":34,"column":6},"end":{"line":34,"column":33}},"8":{"start":{"line":35,"column":6},"end":{"line":35,"column":39}},"9":{"start":{"line":38,"column":4},"end":{"line":38,"column":17}},"10":{"start":{"line":40,"column":19},"end":{"line":46,"column":3}},"11":{"start":{"line":41,"column":29},"end":{"line":43,"column":6}},"12":{"start":{"line":42,"column":6},"end":{"line":42,"column":50}},"13":{"start":{"line":44,"column":30},"end":{"line":44,"column":55}},"14":{"start":{"line":45,"column":4},"end":{"line":45,"column":31}},"15":{"start":{"line":48,"column":2},"end":{"line":50,"column":9}},"16":{"start":{"line":49,"column":4},"end":{"line":49,"column":25}},"17":{"start":{"line":51,"column":2},"end":{"line":78,"column":4}}},"fnMap":{"0":{"name":"(anonymous_0)","decl":{"start":{"line":4,"column":29},"end":{"line":4,"column":30}},"loc":{"start":{"line":4,"column":35},"end":{"line":79,"column":1}},"line":4},"1":{"name":"(anonymous_1)","decl":{"start":{"line":28,"column":26},"end":{"line":28,"column":27}},"loc":{"start":{"line":28,"column":50},"end":{"line":39,"column":3}},"line":28},"2":{"name":"(anonymous_2)","decl":{"start":{"line":40,"column":19},"end":{"line":40,"column":20}},"loc":{"start":{"line":40,"column":25},"end":{"line":46,"column":3}},"line":40},"3":{"name":"(anonymous_3)","decl":{"start":{"line":41,"column":46},"end":{"line":41,"column":47}},"loc":{"start":{"line":41,"column":55},"end":{"line":43,"column":5}},"line":41},"4":{"name":"(anonymous_4)","decl":{"start":{"line":48,"column":12},"end":{"line":48,"column":13}},"loc":{"start":{"line":48,"column":18},"end":{"line":50,"column":3}},"line":48}},"branchMap":{},"s":{"0":1,"1":2,"2":2,"3":2,"4":5,"5":5,"6":5,"7":51,"8":51,"9":5,"10":2,"11":1,"12":5,"13":1,"14":1,"15":2,"16":1,"17":2},"f":{"0":2,"1":5,"2":1,"3":5,"4":1},"b":{},"_coverageSchema":"1a1c01bbd47fc00a2c39e90264f33305004495a9","hash":"783792321e1991a5cf25ba37ccf99c8434767daf"}
,"E:\\Workshop\\TechDev\\Bimestre4\\grupo-01\\Frontend\\src\\components\\footer\\Footer.js": {"path":"E:\\Workshop\\TechDev\\Bimestre4\\grupo-01\\Frontend\\src\\components\\footer\\Footer.js","statementMap":{"0":{"start":{"line":3,"column":15},"end":{"line":17,"column":1}},"1":{"start":{"line":4,"column":2},"end":{"line":16,"column":4}}},"fnMap":{"0":{"name":"(anonymous_0)","decl":{"start":{"line":3,"column":15},"end":{"line":3,"column":16}},"loc":{"start":{"line":3,"column":21},"end":{"line":17,"column":1}},"line":3}},"branchMap":{},"s":{"0":1,"1":6},"f":{"0":6},"b":{},"_coverageSchema":"1a1c01bbd47fc00a2c39e90264f33305004495a9","hash":"ade185a62aca35392a6eec56c1ba775eb81514b8"}
,"E:\\Workshop\\TechDev\\Bimestre4\\grupo-01\\Frontend\\src\\components\\header\\Header.js": {"path":"E:\\Workshop\\TechDev\\Bimestre4\\grupo-01\\Frontend\\src\\components\\header\\Header.js","statementMap":{"0":{"start":{"line":11,"column":15},"end":{"line":160,"column":1}},"1":{"start":{"line":12,"column":48},"end":{"line":12,"column":60}},"2":{"start":{"line":13,"column":36},"end":{"line":13,"column":51}},"3":{"start":{"line":14,"column":38},"end":{"line":14,"column":53}},"4":{"start":{"line":15,"column":38},"end":{"line":15,"column":53}},"5":{"start":{"line":16,"column":40},"end":{"line":16,"column":55}},"6":{"start":{"line":17,"column":2},"end":{"line":30,"column":42}},"7":{"start":{"line":18,"column":4},"end":{"line":20,"column":5}},"8":{"start":{"line":19,"column":6},"end":{"line":19,"column":36}},"9":{"start":{"line":21,"column":4},"end":{"line":23,"column":5}},"10":{"start":{"line":22,"column":6},"end":{"line":22,"column":34}},"11":{"start":{"line":24,"column":4},"end":{"line":28,"column":5}},"12":{"start":{"line":25,"column":6},"end":{"line":25,"column":46}},"13":{"start":{"line":26,"column":11},"end":{"line":28,"column":5}},"14":{"start":{"line":27,"column":6},"end":{"line":27,"column":44}},"15":{"start":{"line":29,"column":4},"end":{"line":29,"column":66}},"16":{"start":{"line":32,"column":24},"end":{"line":34,"column":3}},"17":{"start":{"line":33,"column":4},"end":{"line":33,"column":33}},"18":{"start":{"line":36,"column":22},"end":{"line":49,"column":3}},"19":{"start":{"line":37,"column":4},"end":{"line":42,"column":5}},"20":{"start":{"line":39,"column":6},"end":{"line":39,"column":26}},"21":{"start":{"line":40,"column":6},"end":{"line":40,"column":26}},"22":{"start":{"line":41,"column":6},"end":{"line":41,"column":28}},"23":{"start":{"line":43,"column":4},"end":{"line":48,"column":5}},"24":{"start":{"line":45,"column":6},"end":{"line":45,"column":25}},"25":{"start":{"line":46,"column":6},"end":{"line":46,"column":27}},"26":{"start":{"line":47,"column":6},"end":{"line":47,"column":28}},"27":{"start":{"line":51,"column":23},"end":{"line":57,"column":3}},"28":{"start":{"line":52,"column":4},"end":{"line":52,"column":27}},"29":{"start":{"line":53,"column":4},"end":{"line":53,"column":24}},"30":{"start":{"line":54,"column":4},"end":{"line":54,"column":25}},"31":{"start":{"line":55,"column":4},"end":{"line":55,"column":25}},"32":{"start":{"line":56,"column":4},"end":{"line":56,"column":46}},"33":{"start":{"line":59,"column":2},"end":{"line":159,"column":4}},"34":{"start":{"line":66,"column":14},"end":{"line":66,"column":34}},"35":{"start":{"line":67,"column":14},"end":{"line":67,"column":35}},"36":{"start":{"line":68,"column":14},"end":{"line":68,"column":37}}},"fnMap":{"0":{"name":"(anonymous_0)","decl":{"start":{"line":11,"column":15},"end":{"line":11,"column":16}},"loc":{"start":{"line":11,"column":21},"end":{"line":160,"column":1}},"line":11},"1":{"name":"(anonymous_1)","decl":{"start":{"line":17,"column":12},"end":{"line":17,"column":13}},"loc":{"start":{"line":17,"column":18},"end":{"line":30,"column":3}},"line":17},"2":{"name":"(anonymous_2)","decl":{"start":{"line":32,"column":24},"end":{"line":32,"column":25}},"loc":{"start":{"line":32,"column":30},"end":{"line":34,"column":3}},"line":32},"3":{"name":"(anonymous_3)","decl":{"start":{"line":36,"column":22},"end":{"line":36,"column":23}},"loc":{"start":{"line":36,"column":29},"end":{"line":49,"column":3}},"line":36},"4":{"name":"(anonymous_4)","decl":{"start":{"line":51,"column":23},"end":{"line":51,"column":24}},"loc":{"start":{"line":51,"column":29},"end":{"line":57,"column":3}},"line":51},"5":{"name":"(anonymous_5)","decl":{"start":{"line":65,"column":21},"end":{"line":65,"column":22}},"loc":{"start":{"line":65,"column":27},"end":{"line":69,"column":13}},"line":65}},"branchMap":{"0":{"loc":{"start":{"line":18,"column":4},"end":{"line":20,"column":5}},"type":"if","locations":[{"start":{"line":18,"column":4},"end":{"line":20,"column":5}},{"start":{},"end":{}}],"line":18},"1":{"loc":{"start":{"line":21,"column":4},"end":{"line":23,"column":5}},"type":"if","locations":[{"start":{"line":21,"column":4},"end":{"line":23,"column":5}},{"start":{},"end":{}}],"line":21},"2":{"loc":{"start":{"line":24,"column":4},"end":{"line":28,"column":5}},"type":"if","locations":[{"start":{"line":24,"column":4},"end":{"line":28,"column":5}},{"start":{"line":26,"column":11},"end":{"line":28,"column":5}}],"line":24},"3":{"loc":{"start":{"line":24,"column":8},"end":{"line":24,"column":31}},"type":"binary-expr","locations":[{"start":{"line":24,"column":8},"end":{"line":24,"column":17}},{"start":{"line":24,"column":21},"end":{"line":24,"column":31}}],"line":24},"4":{"loc":{"start":{"line":26,"column":11},"end":{"line":28,"column":5}},"type":"if","locations":[{"start":{"line":26,"column":11},"end":{"line":28,"column":5}},{"start":{},"end":{}}],"line":26},"5":{"loc":{"start":{"line":26,"column":15},"end":{"line":26,"column":40}},"type":"binary-expr","locations":[{"start":{"line":26,"column":15},"end":{"line":26,"column":25}},{"start":{"line":26,"column":29},"end":{"line":26,"column":40}}],"line":26},"6":{"loc":{"start":{"line":37,"column":4},"end":{"line":42,"column":5}},"type":"if","locations":[{"start":{"line":37,"column":4},"end":{"line":42,"column":5}},{"start":{},"end":{}}],"line":37},"7":{"loc":{"start":{"line":43,"column":4},"end":{"line":48,"column":5}},"type":"if","locations":[{"start":{"line":43,"column":4},"end":{"line":48,"column":5}},{"start":{},"end":{}}],"line":43},"8":{"loc":{"start":{"line":75,"column":11},"end":{"line":124,"column":11}},"type":"cond-expr","locations":[{"start":{"line":76,"column":12},"end":{"line":85,"column":18}},{"start":{"line":86,"column":14},"end":{"line":124,"column":11}}],"line":75},"9":{"loc":{"start":{"line":75,"column":11},"end":{"line":75,"column":53}},"type":"binary-expr","locations":[{"start":{"line":75,"column":11},"end":{"line":75,"column":38}},{"start":{"line":75,"column":42},"end":{"line":75,"column":53}}],"line":75},"10":{"loc":{"start":{"line":86,"column":14},"end":{"line":124,"column":11}},"type":"cond-expr","locations":[{"start":{"line":87,"column":12},"end":{"line":96,"column":18}},{"start":{"line":97,"column":14},"end":{"line":124,"column":11}}],"line":86},"11":{"loc":{"start":{"line":86,"column":14},"end":{"line":86,"column":58}},"type":"binary-expr","locations":[{"start":{"line":86,"column":14},"end":{"line":86,"column":43}},{"start":{"line":86,"column":47},"end":{"line":86,"column":58}}],"line":86},"12":{"loc":{"start":{"line":97,"column":14},"end":{"line":124,"column":11}},"type":"cond-expr","locations":[{"start":{"line":98,"column":12},"end":{"line":119,"column":15}},{"start":{"line":120,"column":14},"end":{"line":124,"column":11}}],"line":97},"13":{"loc":{"start":{"line":120,"column":14},"end":{"line":124,"column":11}},"type":"cond-expr","locations":[{"start":{"line":120,"column":28},"end":{"line":120,"column":32}},{"start":{"line":121,"column":12},"end":{"line":123,"column":18}}],"line":120}},"s":{"0":1,"1":24,"2":24,"3":24,"4":24,"5":24,"6":24,"7":15,"8":2,"9":15,"10":1,"11":15,"12":3,"13":12,"14":12,"15":15,"16":24,"17":0,"18":24,"19":3,"20":1,"21":1,"22":1,"23":3,"24":2,"25":2,"26":2,"27":24,"28":0,"29":0,"30":0,"31":0,"32":0,"33":24,"34":1,"35":1,"36":1},"f":{"0":24,"1":15,"2":0,"3":3,"4":0,"5":1},"b":{"0":[2,13],"1":[1,14],"2":[3,12],"3":[15,13],"4":[12,0],"5":[12,0],"6":[1,2],"7":[2,1],"8":[1,23],"9":[24,1],"10":[2,21],"11":[23,2],"12":[21,0],"13":[0,0]},"_coverageSchema":"1a1c01bbd47fc00a2c39e90264f33305004495a9","hash":"a8da46b5d133b6d2b0cb2fe05ae480e5b64f4deb"}
,"E:\\Workshop\\TechDev\\Bimestre4\\grupo-01\\Frontend\\src\\components\\header\\UserWelcome.js": {"path":"E:\\Workshop\\TechDev\\Bimestre4\\grupo-01\\Frontend\\src\\components\\header\\UserWelcome.js","statementMap":{"0":{"start":{"line":3,"column":20},"end":{"line":37,"column":1}},"1":{"start":{"line":4,"column":2},"end":{"line":36,"column":4}}},"fnMap":{"0":{"name":"(anonymous_0)","decl":{"start":{"line":3,"column":20},"end":{"line":3,"column":21}},"loc":{"start":{"line":3,"column":42},"end":{"line":37,"column":1}},"line":3}},"branchMap":{},"s":{"0":1,"1":0},"f":{"0":0},"b":{},"_coverageSchema":"1a1c01bbd47fc00a2c39e90264f33305004495a9","hash":"c6d181df31edcc475b9f49914ceaa1a23a441241"}
,"E:\\Workshop\\TechDev\\Bimestre4\\grupo-01\\Frontend\\src\\components\\header\\sidebar.js": {"path":"E:\\Workshop\\TechDev\\Bimestre4\\grupo-01\\Frontend\\src\\components\\header\\sidebar.js","statementMap":{"0":{"start":{"line":5,"column":16},"end":{"line":71,"column":1}},"1":{"start":{"line":6,"column":4},"end":{"line":70,"column":5}},"2":{"start":{"line":22,"column":57},"end":{"line":22,"column":71}},"3":{"start":{"line":31,"column":59},"end":{"line":31,"column":73}},"4":{"start":{"line":41,"column":59},"end":{"line":41,"column":73}},"5":{"start":{"line":49,"column":61},"end":{"line":49,"column":75}}},"fnMap":{"0":{"name":"(anonymous_0)","decl":{"start":{"line":5,"column":16},"end":{"line":5,"column":17}},"loc":{"start":{"line":5,"column":93},"end":{"line":71,"column":1}},"line":5},"1":{"name":"(anonymous_1)","decl":{"start":{"line":22,"column":50},"end":{"line":22,"column":51}},"loc":{"start":{"line":22,"column":57},"end":{"line":22,"column":71}},"line":22},"2":{"name":"(anonymous_2)","decl":{"start":{"line":31,"column":52},"end":{"line":31,"column":53}},"loc":{"start":{"line":31,"column":59},"end":{"line":31,"column":73}},"line":31},"3":{"name":"(anonymous_3)","decl":{"start":{"line":41,"column":52},"end":{"line":41,"column":53}},"loc":{"start":{"line":41,"column":59},"end":{"line":41,"column":73}},"line":41},"4":{"name":"(anonymous_4)","decl":{"start":{"line":49,"column":54},"end":{"line":49,"column":55}},"loc":{"start":{"line":49,"column":61},"end":{"line":49,"column":75}},"line":49}},"branchMap":{"0":{"loc":{"start":{"line":7,"column":24},"end":{"line":7,"column":59}},"type":"cond-expr","locations":[{"start":{"line":7,"column":31},"end":{"line":7,"column":47}},{"start":{"line":7,"column":50},"end":{"line":7,"column":59}}],"line":7},"1":{"loc":{"start":{"line":15,"column":17},"end":{"line":16,"column":77}},"type":"cond-expr","locations":[{"start":{"line":15,"column":31},"end":{"line":15,"column":44}},{"start":{"line":16,"column":20},"end":{"line":16,"column":77}}],"line":15},"2":{"loc":{"start":{"line":20,"column":17},"end":{"line":56,"column":17}},"type":"cond-expr","locations":[{"start":{"line":21,"column":20},"end":{"line":27,"column":25}},{"start":{"line":28,"column":20},"end":{"line":56,"column":17}}],"line":20},"3":{"loc":{"start":{"line":28,"column":20},"end":{"line":56,"column":17}},"type":"cond-expr","locations":[{"start":{"line":29,"column":20},"end":{"line":37,"column":23}},{"start":{"line":39,"column":20},"end":{"line":55,"column":23}}],"line":28},"4":{"loc":{"start":{"line":57,"column":13},"end":{"line":59,"column":87}},"type":"cond-expr","locations":[{"start":{"line":57,"column":27},"end":{"line":57,"column":31}},{"start":{"line":58,"column":12},"end":{"line":59,"column":87}}],"line":57}},"s":{"0":1,"1":18,"2":0,"3":0,"4":0,"5":0},"f":{"0":18,"1":0,"2":0,"3":0,"4":0},"b":{"0":[0,18],"1":[18,0],"2":[1,17],"3":[2,15],"4":[18,0]},"_coverageSchema":"1a1c01bbd47fc00a2c39e90264f33305004495a9","hash":"97f2efa57e3aa36c8ea7039b739209552dee6e55"}
,"E:\\Workshop\\TechDev\\Bimestre4\\grupo-01\\Frontend\\src\\components\\headerProducto\\HeaderProducto.jsx": {"path":"E:\\Workshop\\TechDev\\Bimestre4\\grupo-01\\Frontend\\src\\components\\headerProducto\\HeaderProducto.jsx","statementMap":{"0":{"start":{"line":3,"column":23},"end":{"line":7,"column":1}},"1":{"start":{"line":4,"column":2},"end":{"line":6,"column":3}}},"fnMap":{"0":{"name":"(anonymous_0)","decl":{"start":{"line":3,"column":23},"end":{"line":3,"column":24}},"loc":{"start":{"line":3,"column":33},"end":{"line":7,"column":1}},"line":3}},"branchMap":{},"s":{"0":1,"1":1},"f":{"0":1},"b":{},"_coverageSchema":"1a1c01bbd47fc00a2c39e90264f33305004495a9","hash":"a19a2ebcc85045956c7905fd2bde1636450a6cc5"}
,"E:\\Workshop\\TechDev\\Bimestre4\\grupo-01\\Frontend\\src\\components\\imageGallery\\ImageGallerry.jsx": {"path":"E:\\Workshop\\TechDev\\Bimestre4\\grupo-01\\Frontend\\src\\components\\imageGallery\\ImageGallerry.jsx","statementMap":{"0":{"start":{"line":9,"column":15},"end":{"line":45,"column":1}},"1":{"start":{"line":46,"column":17},"end":{"line":49,"column":1}},"2":{"start":{"line":50,"column":19},"end":{"line":54,"column":1}},"3":{"start":{"line":56,"column":22},"end":{"line":118,"column":1}},"4":{"start":{"line":57,"column":26},"end":{"line":57,"column":41}},"5":{"start":{"line":58,"column":2},"end":{"line":117,"column":4}},"6":{"start":{"line":66,"column":10},"end":{"line":72,"column":16}},"7":{"start":{"line":74,"column":53},"end":{"line":74,"column":66}},"8":{"start":{"line":79,"column":58},"end":{"line":79,"column":72}},"9":{"start":{"line":81,"column":74},"end":{"line":81,"column":88}}},"fnMap":{"0":{"name":"(anonymous_0)","decl":{"start":{"line":56,"column":22},"end":{"line":56,"column":23}},"loc":{"start":{"line":56,"column":28},"end":{"line":118,"column":1}},"line":56},"1":{"name":"(anonymous_1)","decl":{"start":{"line":65,"column":31},"end":{"line":65,"column":32}},"loc":{"start":{"line":66,"column":10},"end":{"line":72,"column":16}},"line":66},"2":{"name":"(anonymous_2)","decl":{"start":{"line":74,"column":47},"end":{"line":74,"column":48}},"loc":{"start":{"line":74,"column":53},"end":{"line":74,"column":66}},"line":74},"3":{"name":"(anonymous_3)","decl":{"start":{"line":79,"column":52},"end":{"line":79,"column":53}},"loc":{"start":{"line":79,"column":58},"end":{"line":79,"column":72}},"line":79},"4":{"name":"(anonymous_4)","decl":{"start":{"line":81,"column":68},"end":{"line":81,"column":69}},"loc":{"start":{"line":81,"column":74},"end":{"line":81,"column":88}},"line":81}},"branchMap":{},"s":{"0":1,"1":1,"2":1,"3":1,"4":1,"5":1,"6":5,"7":0,"8":0,"9":0},"f":{"0":1,"1":5,"2":0,"3":0,"4":0},"b":{},"_coverageSchema":"1a1c01bbd47fc00a2c39e90264f33305004495a9","hash":"9609e4a7b9cd7e0ea6852d3be5f0728b8defa565"}
,"E:\\Workshop\\TechDev\\Bimestre4\\grupo-01\\Frontend\\src\\components\\product\\ImagenesProd.js": {"path":"E:\\Workshop\\TechDev\\Bimestre4\\grupo-01\\Frontend\\src\\components\\product\\ImagenesProd.js","statementMap":{"0":{"start":{"line":4,"column":21},"end":{"line":12,"column":1}},"1":{"start":{"line":5,"column":4},"end":{"line":11,"column":6}},"2":{"start":{"line":8,"column":12},"end":{"line":8,"column":65}}},"fnMap":{"0":{"name":"(anonymous_0)","decl":{"start":{"line":4,"column":21},"end":{"line":4,"column":22}},"loc":{"start":{"line":4,"column":27},"end":{"line":12,"column":1}},"line":4},"1":{"name":"(anonymous_1)","decl":{"start":{"line":7,"column":22},"end":{"line":7,"column":23}},"loc":{"start":{"line":8,"column":12},"end":{"line":8,"column":65}},"line":8}},"branchMap":{},"s":{"0":0,"1":0,"2":0},"f":{"0":0,"1":0},"b":{}}
,"E:\\Workshop\\TechDev\\Bimestre4\\grupo-01\\Frontend\\src\\layouts\\App.js": {"path":"E:\\Workshop\\TechDev\\Bimestre4\\grupo-01\\Frontend\\src\\layouts\\App.js","statementMap":{"0":{"start":{"line":7,"column":2},"end":{"line":14,"column":4}}},"fnMap":{"0":{"name":"App","decl":{"start":{"line":6,"column":9},"end":{"line":6,"column":12}},"loc":{"start":{"line":6,"column":20},"end":{"line":15,"column":1}},"line":6}},"branchMap":{},"s":{"0":6},"f":{"0":6},"b":{},"_coverageSchema":"1a1c01bbd47fc00a2c39e90264f33305004495a9","hash":"ead09fdc53f36292319c2c8a86c7228efdec376a"}
,"E:\\Workshop\\TechDev\\Bimestre4\\grupo-01\\Frontend\\src\\pages\\Home.jsx": {"path":"E:\\Workshop\\TechDev\\Bimestre4\\grupo-01\\Frontend\\src\\pages\\Home.jsx","statementMap":{"0":{"start":{"line":5,"column":2},"end":{"line":10,"column":4}}},"fnMap":{"0":{"name":"Home","decl":{"start":{"line":4,"column":9},"end":{"line":4,"column":13}},"loc":{"start":{"line":4,"column":16},"end":{"line":11,"column":1}},"line":4}},"branchMap":{},"s":{"0":0},"f":{"0":0},"b":{}}
,"E:\\Workshop\\TechDev\\Bimestre4\\grupo-01\\Frontend\\src\\pages\\NotFound.jsx": {"path":"E:\\Workshop\\TechDev\\Bimestre4\\grupo-01\\Frontend\\src\\pages\\NotFound.jsx","statementMap":{"0":{"start":{"line":3,"column":17},"end":{"line":7,"column":1}},"1":{"start":{"line":4,"column":2},"end":{"line":6,"column":3}}},"fnMap":{"0":{"name":"(anonymous_0)","decl":{"start":{"line":3,"column":17},"end":{"line":3,"column":18}},"loc":{"start":{"line":3,"column":23},"end":{"line":7,"column":1}},"line":3}},"branchMap":{},"s":{"0":0,"1":0},"f":{"0":0},"b":{}}
,"E:\\Workshop\\TechDev\\Bimestre4\\grupo-01\\Frontend\\src\\pages\\Producto.jsx": {"path":"E:\\Workshop\\TechDev\\Bimestre4\\grupo-01\\Frontend\\src\\pages\\Producto.jsx","statementMap":{"0":{"start":{"line":8,"column":17},"end":{"line":22,"column":1}},"1":{"start":{"line":9,"column":15},"end":{"line":9,"column":26}},"2":{"start":{"line":10,"column":2},"end":{"line":21,"column":4}}},"fnMap":{"0":{"name":"(anonymous_0)","decl":{"start":{"line":8,"column":17},"end":{"line":8,"column":18}},"loc":{"start":{"line":8,"column":23},"end":{"line":22,"column":1}},"line":8}},"branchMap":{},"s":{"0":1,"1":1,"2":1},"f":{"0":1},"b":{},"_coverageSchema":"1a1c01bbd47fc00a2c39e90264f33305004495a9","hash":"b2341005345e7b57f28537d32f39adc439367714"}
}
