{"C:\\Users\\Usuario\\Desktop\\Proyecto final\\grupo-01\\Frontend\\src\\components\\auth\\Login.js": {"path":"C:\\Users\\Usuario\\Desktop\\Proyecto final\\grupo-01\\Frontend\\src\\components\\auth\\Login.js","statementMap":{"0":{"start":{"line":8,"column":14},"end":{"line":177,"column":1}},"1":{"start":{"line":9,"column":36},"end":{"line":9,"column":51}},"2":{"start":{"line":10,"column":28},"end":{"line":10,"column":43}},"3":{"start":{"line":11,"column":28},"end":{"line":11,"column":43}},"4":{"start":{"line":12,"column":26},"end":{"line":12,"column":41}},"5":{"start":{"line":14,"column":4},"end":{"line":14,"column":27}},"6":{"start":{"line":16,"column":23},"end":{"line":31,"column":3}},"7":{"start":{"line":17,"column":4},"end":{"line":17,"column":23}},"8":{"start":{"line":18,"column":4},"end":{"line":30,"column":5}},"9":{"start":{"line":20,"column":6},"end":{"line":20,"column":20}},"10":{"start":{"line":21,"column":11},"end":{"line":30,"column":5}},"11":{"start":{"line":25,"column":16},"end":{"line":28,"column":7}},"12":{"start":{"line":29,"column":6},"end":{"line":29,"column":17}},"13":{"start":{"line":33,"column":22},"end":{"line":45,"column":3}},"14":{"start":{"line":34,"column":4},"end":{"line":40,"column":5}},"15":{"start":{"line":35,"column":6},"end":{"line":35,"column":22}},"16":{"start":{"line":36,"column":6},"end":{"line":36,"column":21}},"17":{"start":{"line":37,"column":6},"end":{"line":37,"column":22}},"18":{"start":{"line":38,"column":6},"end":{"line":38,"column":26}},"19":{"start":{"line":39,"column":6},"end":{"line":39,"column":13}},"20":{"start":{"line":41,"column":4},"end":{"line":41,"column":20}},"21":{"start":{"line":42,"column":4},"end":{"line":42,"column":19}},"22":{"start":{"line":43,"column":4},"end":{"line":43,"column":20}},"23":{"start":{"line":44,"column":4},"end":{"line":44,"column":24}},"24":{"start":{"line":47,"column":2},"end":{"line":176,"column":4}},"25":{"start":{"line":158,"column":31},"end":{"line":158,"column":55}}},"fnMap":{"0":{"name":"(anonymous_0)","decl":{"start":{"line":8,"column":14},"end":{"line":8,"column":15}},"loc":{"start":{"line":8,"column":41},"end":{"line":177,"column":1}},"line":8},"1":{"name":"(anonymous_1)","decl":{"start":{"line":16,"column":23},"end":{"line":16,"column":24}},"loc":{"start":{"line":16,"column":30},"end":{"line":31,"column":3}},"line":16},"2":{"name":"(anonymous_2)","decl":{"start":{"line":33,"column":22},"end":{"line":33,"column":23}},"loc":{"start":{"line":33,"column":41},"end":{"line":45,"column":3}},"line":33},"3":{"name":"(anonymous_3)","decl":{"start":{"line":158,"column":25},"end":{"line":158,"column":26}},"loc":{"start":{"line":158,"column":31},"end":{"line":158,"column":55}},"line":158}},"branchMap":{"0":{"loc":{"start":{"line":18,"column":4},"end":{"line":30,"column":5}},"type":"if","locations":[{"start":{"line":18,"column":4},"end":{"line":30,"column":5}},{"start":{"line":21,"column":11},"end":{"line":30,"column":5}}],"line":18},"1":{"loc":{"start":{"line":18,"column":8},"end":{"line":18,"column":77}},"type":"binary-expr","locations":[{"start":{"line":18,"column":8},"end":{"line":18,"column":39}},{"start":{"line":18,"column":43},"end":{"line":18,"column":77}}],"line":18},"2":{"loc":{"start":{"line":21,"column":11},"end":{"line":30,"column":5}},"type":"if","locations":[{"start":{"line":21,"column":11},"end":{"line":30,"column":5}},{"start":{},"end":{}}],"line":21},"3":{"loc":{"start":{"line":22,"column":6},"end":{"line":23,"column":40}},"type":"binary-expr","locations":[{"start":{"line":22,"column":6},"end":{"line":22,"column":37}},{"start":{"line":23,"column":6},"end":{"line":23,"column":40}}],"line":22},"4":{"loc":{"start":{"line":34,"column":4},"end":{"line":40,"column":5}},"type":"if","locations":[{"start":{"line":34,"column":4},"end":{"line":40,"column":5}},{"start":{},"end":{}}],"line":34},"5":{"loc":{"start":{"line":49,"column":36},"end":{"line":49,"column":56}},"type":"cond-expr","locations":[{"start":{"line":49,"column":43},"end":{"line":49,"column":49}},{"start":{"line":49,"column":52},"end":{"line":49,"column":56}}],"line":49},"6":{"loc":{"start":{"line":52,"column":7},"end":{"line":67,"column":7}},"type":"cond-expr","locations":[{"start":{"line":52,"column":20},"end":{"line":52,"column":24}},{"start":{"line":53,"column":8},"end":{"line":66,"column":10}}],"line":52},"7":{"loc":{"start":{"line":68,"column":7},"end":{"line":90,"column":7}},"type":"cond-expr","locations":[{"start":{"line":68,"column":16},"end":{"line":68,"column":20}},{"start":{"line":69,"column":8},"end":{"line":89,"column":19}}],"line":68},"8":{"loc":{"start":{"line":91,"column":7},"end":{"line":113,"column":7}},"type":"cond-expr","locations":[{"start":{"line":91,"column":16},"end":{"line":91,"column":20}},{"start":{"line":92,"column":8},"end":{"line":112,"column":19}}],"line":91},"9":{"loc":{"start":{"line":114,"column":7},"end":{"line":136,"column":7}},"type":"cond-expr","locations":[{"start":{"line":114,"column":15},"end":{"line":114,"column":19}},{"start":{"line":115,"column":8},"end":{"line":135,"column":19}}],"line":114},"10":{"loc":{"start":{"line":152,"column":22},"end":{"line":152,"column":53}},"type":"cond-expr","locations":[{"start":{"line":152,"column":34},"end":{"line":152,"column":40}},{"start":{"line":152,"column":43},"end":{"line":152,"column":53}}],"line":152}},"s":{"0":3,"1":21,"2":21,"3":21,"4":21,"5":21,"6":21,"7":0,"8":0,"9":0,"10":0,"11":0,"12":0,"13":21,"14":0,"15":0,"16":0,"17":0,"18":0,"19":0,"20":0,"21":0,"22":0,"23":0,"24":21,"25":0},"f":{"0":21,"1":0,"2":0,"3":0},"b":{"0":[0,0],"1":[0,0],"2":[0,0],"3":[0,0],"4":[0,0],"5":[7,14],"6":[21,0],"7":[21,0],"8":[21,0],"9":[21,0],"10":[0,21]},"_coverageSchema":"1a1c01bbd47fc00a2c39e90264f33305004495a9","hash":"9be529f1074054418d0287a5a511f03e1b12934c"}
,"C:\\Users\\Usuario\\Desktop\\Proyecto final\\grupo-01\\Frontend\\src\\components\\auth\\Register.js": {"path":"C:\\Users\\Usuario\\Desktop\\Proyecto final\\grupo-01\\Frontend\\src\\components\\auth\\Register.js","statementMap":{"0":{"start":{"line":6,"column":21},"end":{"line":12,"column":1}},"1":{"start":{"line":14,"column":17},"end":{"line":228,"column":1}},"2":{"start":{"line":15,"column":28},"end":{"line":15,"column":50}},"3":{"start":{"line":16,"column":30},"end":{"line":16,"column":42}},"4":{"start":{"line":17,"column":32},"end":{"line":17,"column":47}},"5":{"start":{"line":18,"column":42},"end":{"line":18,"column":57}},"6":{"start":{"line":19,"column":23},"end":{"line":19,"column":46}},"7":{"start":{"line":22,"column":4},"end":{"line":22,"column":68}},"8":{"start":{"line":26,"column":4},"end":{"line":26,"column":27}},"9":{"start":{"line":27,"column":4},"end":{"line":42,"column":5}},"10":{"start":{"line":28,"column":17},"end":{"line":36,"column":7}},"11":{"start":{"line":37,"column":6},"end":{"line":37,"column":23}},"12":{"start":{"line":38,"column":6},"end":{"line":38,"column":21}},"13":{"start":{"line":39,"column":6},"end":{"line":41,"column":14}},"14":{"start":{"line":40,"column":8},"end":{"line":40,"column":31}},"15":{"start":{"line":46,"column":17},"end":{"line":46,"column":19}},"16":{"start":{"line":47,"column":18},"end":{"line":47,"column":22}},"17":{"start":{"line":48,"column":15},"end":{"line":48,"column":31}},"18":{"start":{"line":49,"column":20},"end":{"line":51,"column":5}},"19":{"start":{"line":53,"column":4},"end":{"line":61,"column":5}},"20":{"start":{"line":54,"column":6},"end":{"line":54,"column":22}},"21":{"start":{"line":55,"column":6},"end":{"line":55,"column":56}},"22":{"start":{"line":57,"column":6},"end":{"line":60,"column":7}},"23":{"start":{"line":58,"column":8},"end":{"line":58,"column":24}},"24":{"start":{"line":59,"column":8},"end":{"line":59,"column":65}},"25":{"start":{"line":63,"column":4},"end":{"line":71,"column":5}},"26":{"start":{"line":64,"column":6},"end":{"line":64,"column":22}},"27":{"start":{"line":65,"column":6},"end":{"line":65,"column":60}},"28":{"start":{"line":67,"column":6},"end":{"line":70,"column":7}},"29":{"start":{"line":68,"column":8},"end":{"line":68,"column":24}},"30":{"start":{"line":69,"column":8},"end":{"line":69,"column":69}},"31":{"start":{"line":73,"column":4},"end":{"line":79,"column":5}},"32":{"start":{"line":74,"column":6},"end":{"line":74,"column":22}},"33":{"start":{"line":75,"column":6},"end":{"line":75,"column":54}},"34":{"start":{"line":76,"column":11},"end":{"line":79,"column":5}},"35":{"start":{"line":77,"column":6},"end":{"line":77,"column":22}},"36":{"start":{"line":78,"column":6},"end":{"line":78,"column":61}},"37":{"start":{"line":81,"column":4},"end":{"line":90,"column":5}},"38":{"start":{"line":82,"column":6},"end":{"line":82,"column":22}},"39":{"start":{"line":83,"column":6},"end":{"line":83,"column":65}},"40":{"start":{"line":85,"column":6},"end":{"line":89,"column":7}},"41":{"start":{"line":86,"column":8},"end":{"line":86,"column":24}},"42":{"start":{"line":87,"column":8},"end":{"line":88,"column":60}},"43":{"start":{"line":92,"column":4},"end":{"line":100,"column":5}},"44":{"start":{"line":93,"column":6},"end":{"line":93,"column":22}},"45":{"start":{"line":94,"column":6},"end":{"line":94,"column":74}},"46":{"start":{"line":96,"column":6},"end":{"line":99,"column":7}},"47":{"start":{"line":97,"column":8},"end":{"line":97,"column":24}},"48":{"start":{"line":98,"column":8},"end":{"line":98,"column":72}},"49":{"start":{"line":102,"column":4},"end":{"line":102,"column":22}},"50":{"start":{"line":104,"column":4},"end":{"line":104,"column":19}},"51":{"start":{"line":108,"column":4},"end":{"line":111,"column":5}},"52":{"start":{"line":109,"column":6},"end":{"line":109,"column":24}},"53":{"start":{"line":110,"column":6},"end":{"line":110,"column":13}},"54":{"start":{"line":112,"column":4},"end":{"line":112,"column":22}},"55":{"start":{"line":116,"column":4},"end":{"line":116,"column":35}},"56":{"start":{"line":119,"column":2},"end":{"line":227,"column":4}},"57":{"start":{"line":196,"column":31},"end":{"line":196,"column":57}}},"fnMap":{"0":{"name":"(anonymous_0)","decl":{"start":{"line":14,"column":17},"end":{"line":14,"column":18}},"loc":{"start":{"line":14,"column":64},"end":{"line":228,"column":1}},"line":14},"1":{"name":"handleChange","decl":{"start":{"line":21,"column":11},"end":{"line":21,"column":23}},"loc":{"start":{"line":21,"column":31},"end":{"line":23,"column":3}},"line":21},"2":{"name":"handleSubmit","decl":{"start":{"line":25,"column":11},"end":{"line":25,"column":23}},"loc":{"start":{"line":25,"column":31},"end":{"line":43,"column":3}},"line":25},"3":{"name":"(anonymous_3)","decl":{"start":{"line":39,"column":17},"end":{"line":39,"column":18}},"loc":{"start":{"line":39,"column":23},"end":{"line":41,"column":7}},"line":39},"4":{"name":"validate","decl":{"start":{"line":45,"column":11},"end":{"line":45,"column":19}},"loc":{"start":{"line":45,"column":22},"end":{"line":105,"column":3}},"line":45},"5":{"name":"handleClose","decl":{"start":{"line":107,"column":11},"end":{"line":107,"column":22}},"loc":{"start":{"line":107,"column":38},"end":{"line":113,"column":3}},"line":107},"6":{"name":"handlePasswordVisibility","decl":{"start":{"line":115,"column":11},"end":{"line":115,"column":35}},"loc":{"start":{"line":115,"column":38},"end":{"line":117,"column":3}},"line":115},"7":{"name":"(anonymous_7)","decl":{"start":{"line":196,"column":25},"end":{"line":196,"column":26}},"loc":{"start":{"line":196,"column":31},"end":{"line":196,"column":57}},"line":196}},"branchMap":{"0":{"loc":{"start":{"line":27,"column":4},"end":{"line":42,"column":5}},"type":"if","locations":[{"start":{"line":27,"column":4},"end":{"line":42,"column":5}},{"start":{},"end":{}}],"line":27},"1":{"loc":{"start":{"line":53,"column":4},"end":{"line":61,"column":5}},"type":"if","locations":[{"start":{"line":53,"column":4},"end":{"line":61,"column":5}},{"start":{"line":56,"column":11},"end":{"line":61,"column":5}}],"line":53},"2":{"loc":{"start":{"line":57,"column":6},"end":{"line":60,"column":7}},"type":"if","locations":[{"start":{"line":57,"column":6},"end":{"line":60,"column":7}},{"start":{},"end":{}}],"line":57},"3":{"loc":{"start":{"line":57,"column":10},"end":{"line":57,"column":65}},"type":"binary-expr","locations":[{"start":{"line":57,"column":10},"end":{"line":57,"column":36}},{"start":{"line":57,"column":40},"end":{"line":57,"column":65}}],"line":57},"4":{"loc":{"start":{"line":63,"column":4},"end":{"line":71,"column":5}},"type":"if","locations":[{"start":{"line":63,"column":4},"end":{"line":71,"column":5}},{"start":{"line":66,"column":11},"end":{"line":71,"column":5}}],"line":63},"5":{"loc":{"start":{"line":67,"column":6},"end":{"line":70,"column":7}},"type":"if","locations":[{"start":{"line":67,"column":6},"end":{"line":70,"column":7}},{"start":{},"end":{}}],"line":67},"6":{"loc":{"start":{"line":67,"column":10},"end":{"line":67,"column":69}},"type":"binary-expr","locations":[{"start":{"line":67,"column":10},"end":{"line":67,"column":38}},{"start":{"line":67,"column":42},"end":{"line":67,"column":69}}],"line":67},"7":{"loc":{"start":{"line":73,"column":4},"end":{"line":79,"column":5}},"type":"if","locations":[{"start":{"line":73,"column":4},"end":{"line":79,"column":5}},{"start":{"line":76,"column":11},"end":{"line":79,"column":5}}],"line":73},"8":{"loc":{"start":{"line":76,"column":11},"end":{"line":79,"column":5}},"type":"if","locations":[{"start":{"line":76,"column":11},"end":{"line":79,"column":5}},{"start":{},"end":{}}],"line":76},"9":{"loc":{"start":{"line":81,"column":4},"end":{"line":90,"column":5}},"type":"if","locations":[{"start":{"line":81,"column":4},"end":{"line":90,"column":5}},{"start":{"line":84,"column":11},"end":{"line":90,"column":5}}],"line":81},"10":{"loc":{"start":{"line":85,"column":6},"end":{"line":89,"column":7}},"type":"if","locations":[{"start":{"line":85,"column":6},"end":{"line":89,"column":7}},{"start":{},"end":{}}],"line":85},"11":{"loc":{"start":{"line":92,"column":4},"end":{"line":100,"column":5}},"type":"if","locations":[{"start":{"line":92,"column":4},"end":{"line":100,"column":5}},{"start":{"line":95,"column":11},"end":{"line":100,"column":5}}],"line":92},"12":{"loc":{"start":{"line":96,"column":6},"end":{"line":99,"column":7}},"type":"if","locations":[{"start":{"line":96,"column":6},"end":{"line":99,"column":7}},{"start":{},"end":{}}],"line":96},"13":{"loc":{"start":{"line":108,"column":4},"end":{"line":111,"column":5}},"type":"if","locations":[{"start":{"line":108,"column":4},"end":{"line":111,"column":5}},{"start":{},"end":{}}],"line":108},"14":{"loc":{"start":{"line":121,"column":39},"end":{"line":121,"column":59}},"type":"cond-expr","locations":[{"start":{"line":121,"column":46},"end":{"line":121,"column":52}},{"start":{"line":121,"column":55},"end":{"line":121,"column":59}}],"line":121},"15":{"loc":{"start":{"line":124,"column":7},"end":{"line":140,"column":14}},"type":"cond-expr","locations":[{"start":{"line":125,"column":8},"end":{"line":139,"column":19}},{"start":{"line":140,"column":10},"end":{"line":140,"column":14}}],"line":124},"16":{"loc":{"start":{"line":187,"column":22},"end":{"line":187,"column":56}},"type":"cond-expr","locations":[{"start":{"line":187,"column":37},"end":{"line":187,"column":43}},{"start":{"line":187,"column":46},"end":{"line":187,"column":56}}],"line":187}},"s":{"0":3,"1":3,"2":56,"3":56,"4":56,"5":56,"6":56,"7":8,"8":11,"9":11,"10":0,"11":0,"12":0,"13":0,"14":0,"15":11,"16":11,"17":11,"18":11,"19":11,"20":10,"21":10,"22":1,"23":1,"24":1,"25":11,"26":10,"27":10,"28":1,"29":1,"30":1,"31":11,"32":7,"33":7,"34":4,"35":4,"36":4,"37":11,"38":10,"39":10,"40":1,"41":0,"42":0,"43":11,"44":10,"45":10,"46":1,"47":1,"48":1,"49":11,"50":11,"51":0,"52":0,"53":0,"54":0,"55":0,"56":56,"57":0},"f":{"0":56,"1":8,"2":11,"3":0,"4":11,"5":0,"6":0,"7":0},"b":{"0":[0,11],"1":[10,1],"2":[1,0],"3":[1,1],"4":[10,1],"5":[1,0],"6":[1,1],"7":[7,4],"8":[4,0],"9":[10,1],"10":[0,1],"11":[10,1],"12":[1,0],"13":[0,0],"14":[0,56],"15":[0,56],"16":[0,56]},"_coverageSchema":"1a1c01bbd47fc00a2c39e90264f33305004495a9","hash":"1208efae7203c05dca09d0e5e068945a452df06d"}
,"C:\\Users\\Usuario\\Desktop\\Proyecto final\\grupo-01\\Frontend\\src\\components\\footer\\Footer.js": {"path":"C:\\Users\\Usuario\\Desktop\\Proyecto final\\grupo-01\\Frontend\\src\\components\\footer\\Footer.js","statementMap":{"0":{"start":{"line":3,"column":15},"end":{"line":17,"column":1}},"1":{"start":{"line":4,"column":2},"end":{"line":16,"column":4}}},"fnMap":{"0":{"name":"(anonymous_0)","decl":{"start":{"line":3,"column":15},"end":{"line":3,"column":16}},"loc":{"start":{"line":3,"column":21},"end":{"line":17,"column":1}},"line":3}},"branchMap":{},"s":{"0":1,"1":4},"f":{"0":4},"b":{},"_coverageSchema":"1a1c01bbd47fc00a2c39e90264f33305004495a9","hash":"88a88da75fc7c8277c6be6b22197737339ab09b9"}
,"C:\\Users\\Usuario\\Desktop\\Proyecto final\\grupo-01\\Frontend\\src\\components\\header\\Header.js": {"path":"C:\\Users\\Usuario\\Desktop\\Proyecto final\\grupo-01\\Frontend\\src\\components\\header\\Header.js","statementMap":{"0":{"start":{"line":13,"column":15},"end":{"line":161,"column":1}},"1":{"start":{"line":14,"column":48},"end":{"line":14,"column":60}},"2":{"start":{"line":15,"column":40},"end":{"line":15,"column":55}},"3":{"start":{"line":22,"column":6},"end":{"line":22,"column":23}},"4":{"start":{"line":23,"column":56},"end":{"line":23,"column":79}},"5":{"start":{"line":24,"column":19},"end":{"line":24,"column":32}},"6":{"start":{"line":25,"column":40},"end":{"line":25,"column":53}},"7":{"start":{"line":27,"column":2},"end":{"line":39,"column":42}},"8":{"start":{"line":28,"column":4},"end":{"line":30,"column":5}},"9":{"start":{"line":29,"column":6},"end":{"line":29,"column":36}},"10":{"start":{"line":31,"column":4},"end":{"line":33,"column":5}},"11":{"start":{"line":32,"column":6},"end":{"line":32,"column":34}},"12":{"start":{"line":34,"column":4},"end":{"line":38,"column":5}},"13":{"start":{"line":35,"column":6},"end":{"line":35,"column":46}},"14":{"start":{"line":36,"column":11},"end":{"line":38,"column":5}},"15":{"start":{"line":37,"column":6},"end":{"line":37,"column":44}},"16":{"start":{"line":41,"column":24},"end":{"line":43,"column":3}},"17":{"start":{"line":42,"column":4},"end":{"line":42,"column":33}},"18":{"start":{"line":45,"column":22},"end":{"line":56,"column":3}},"19":{"start":{"line":46,"column":4},"end":{"line":49,"column":5}},"20":{"start":{"line":47,"column":6},"end":{"line":47,"column":26}},"21":{"start":{"line":48,"column":6},"end":{"line":48,"column":28}},"22":{"start":{"line":50,"column":4},"end":{"line":53,"column":5}},"23":{"start":{"line":51,"column":6},"end":{"line":51,"column":25}},"24":{"start":{"line":52,"column":6},"end":{"line":52,"column":28}},"25":{"start":{"line":54,"column":4},"end":{"line":54,"column":24}},"26":{"start":{"line":55,"column":4},"end":{"line":55,"column":20}},"27":{"start":{"line":58,"column":23},"end":{"line":63,"column":3}},"28":{"start":{"line":59,"column":4},"end":{"line":59,"column":13}},"29":{"start":{"line":60,"column":4},"end":{"line":60,"column":27}},"30":{"start":{"line":61,"column":4},"end":{"line":61,"column":24}},"31":{"start":{"line":62,"column":4},"end":{"line":62,"column":20}},"32":{"start":{"line":65,"column":2},"end":{"line":160,"column":4}},"33":{"start":{"line":72,"column":14},"end":{"line":72,"column":28}},"34":{"start":{"line":73,"column":14},"end":{"line":73,"column":37}},"35":{"start":{"line":74,"column":14},"end":{"line":74,"column":34}},"36":{"start":{"line":75,"column":14},"end":{"line":75,"column":30}},"37":{"start":{"line":76,"column":14},"end":{"line":76,"column":37}},"38":{"start":{"line":77,"column":14},"end":{"line":77,"column":31}},"39":{"start":{"line":78,"column":14},"end":{"line":78,"column":39}}},"fnMap":{"0":{"name":"(anonymous_0)","decl":{"start":{"line":13,"column":15},"end":{"line":13,"column":16}},"loc":{"start":{"line":13,"column":21},"end":{"line":161,"column":1}},"line":13},"1":{"name":"(anonymous_1)","decl":{"start":{"line":27,"column":12},"end":{"line":27,"column":13}},"loc":{"start":{"line":27,"column":18},"end":{"line":39,"column":3}},"line":27},"2":{"name":"(anonymous_2)","decl":{"start":{"line":41,"column":24},"end":{"line":41,"column":25}},"loc":{"start":{"line":41,"column":30},"end":{"line":43,"column":3}},"line":41},"3":{"name":"(anonymous_3)","decl":{"start":{"line":45,"column":22},"end":{"line":45,"column":23}},"loc":{"start":{"line":45,"column":29},"end":{"line":56,"column":3}},"line":45},"4":{"name":"(anonymous_4)","decl":{"start":{"line":58,"column":23},"end":{"line":58,"column":24}},"loc":{"start":{"line":58,"column":29},"end":{"line":63,"column":3}},"line":58},"5":{"name":"(anonymous_5)","decl":{"start":{"line":71,"column":21},"end":{"line":71,"column":22}},"loc":{"start":{"line":71,"column":27},"end":{"line":79,"column":13}},"line":71}},"branchMap":{"0":{"loc":{"start":{"line":28,"column":4},"end":{"line":30,"column":5}},"type":"if","locations":[{"start":{"line":28,"column":4},"end":{"line":30,"column":5}},{"start":{},"end":{}}],"line":28},"1":{"loc":{"start":{"line":31,"column":4},"end":{"line":33,"column":5}},"type":"if","locations":[{"start":{"line":31,"column":4},"end":{"line":33,"column":5}},{"start":{},"end":{}}],"line":31},"2":{"loc":{"start":{"line":34,"column":4},"end":{"line":38,"column":5}},"type":"if","locations":[{"start":{"line":34,"column":4},"end":{"line":38,"column":5}},{"start":{"line":36,"column":11},"end":{"line":38,"column":5}}],"line":34},"3":{"loc":{"start":{"line":34,"column":8},"end":{"line":34,"column":31}},"type":"binary-expr","locations":[{"start":{"line":34,"column":8},"end":{"line":34,"column":17}},{"start":{"line":34,"column":21},"end":{"line":34,"column":31}}],"line":34},"4":{"loc":{"start":{"line":36,"column":11},"end":{"line":38,"column":5}},"type":"if","locations":[{"start":{"line":36,"column":11},"end":{"line":38,"column":5}},{"start":{},"end":{}}],"line":36},"5":{"loc":{"start":{"line":36,"column":15},"end":{"line":36,"column":40}},"type":"binary-expr","locations":[{"start":{"line":36,"column":15},"end":{"line":36,"column":25}},{"start":{"line":36,"column":29},"end":{"line":36,"column":40}}],"line":36},"6":{"loc":{"start":{"line":46,"column":4},"end":{"line":49,"column":5}},"type":"if","locations":[{"start":{"line":46,"column":4},"end":{"line":49,"column":5}},{"start":{},"end":{}}],"line":46},"7":{"loc":{"start":{"line":50,"column":4},"end":{"line":53,"column":5}},"type":"if","locations":[{"start":{"line":50,"column":4},"end":{"line":53,"column":5}},{"start":{},"end":{}}],"line":50},"8":{"loc":{"start":{"line":85,"column":11},"end":{"line":134,"column":11}},"type":"cond-expr","locations":[{"start":{"line":86,"column":12},"end":{"line":95,"column":18}},{"start":{"line":96,"column":14},"end":{"line":134,"column":11}}],"line":85},"9":{"loc":{"start":{"line":85,"column":11},"end":{"line":85,"column":53}},"type":"binary-expr","locations":[{"start":{"line":85,"column":11},"end":{"line":85,"column":38}},{"start":{"line":85,"column":42},"end":{"line":85,"column":53}}],"line":85},"10":{"loc":{"start":{"line":96,"column":14},"end":{"line":134,"column":11}},"type":"cond-expr","locations":[{"start":{"line":97,"column":12},"end":{"line":106,"column":18}},{"start":{"line":107,"column":14},"end":{"line":134,"column":11}}],"line":96},"11":{"loc":{"start":{"line":96,"column":14},"end":{"line":96,"column":58}},"type":"binary-expr","locations":[{"start":{"line":96,"column":14},"end":{"line":96,"column":43}},{"start":{"line":96,"column":47},"end":{"line":96,"column":58}}],"line":96},"12":{"loc":{"start":{"line":107,"column":14},"end":{"line":134,"column":11}},"type":"cond-expr","locations":[{"start":{"line":108,"column":12},"end":{"line":129,"column":15}},{"start":{"line":130,"column":14},"end":{"line":134,"column":11}}],"line":107},"13":{"loc":{"start":{"line":130,"column":14},"end":{"line":134,"column":11}},"type":"cond-expr","locations":[{"start":{"line":130,"column":28},"end":{"line":130,"column":32}},{"start":{"line":131,"column":12},"end":{"line":133,"column":18}}],"line":130}},"s":{"0":2,"1":19,"2":19,"3":19,"4":19,"5":19,"6":19,"7":19,"8":12,"9":3,"10":12,"11":0,"12":12,"13":3,"14":9,"15":9,"16":19,"17":1,"18":19,"19":2,"20":0,"21":0,"22":2,"23":2,"24":2,"25":2,"26":2,"27":19,"28":0,"29":0,"30":0,"31":0,"32":19,"33":1,"34":1,"35":1,"36":1,"37":1,"38":1,"39":1},"f":{"0":19,"1":12,"2":1,"3":2,"4":0,"5":1},"b":{"0":[3,9],"1":[0,12],"2":[3,9],"3":[12,9],"4":[9,0],"5":[9,0],"6":[0,2],"7":[2,0],"8":[0,19],"9":[19,0],"10":[4,15],"11":[19,4],"12":[15,0],"13":[0,0]},"_coverageSchema":"1a1c01bbd47fc00a2c39e90264f33305004495a9","hash":"f7f6f341997af7c0f4c8582ded2c29a4665d1e58"}
,"C:\\Users\\Usuario\\Desktop\\Proyecto final\\grupo-01\\Frontend\\src\\components\\header\\sidebar.js": {"path":"C:\\Users\\Usuario\\Desktop\\Proyecto final\\grupo-01\\Frontend\\src\\components\\header\\sidebar.js","statementMap":{"0":{"start":{"line":6,"column":16},"end":{"line":90,"column":1}},"1":{"start":{"line":13,"column":25},"end":{"line":13,"column":48}},"2":{"start":{"line":15,"column":2},"end":{"line":89,"column":4}},"3":{"start":{"line":36,"column":49},"end":{"line":36,"column":63}},"4":{"start":{"line":45,"column":49},"end":{"line":45,"column":63}},"5":{"start":{"line":55,"column":49},"end":{"line":55,"column":63}},"6":{"start":{"line":63,"column":51},"end":{"line":63,"column":65}}},"fnMap":{"0":{"name":"(anonymous_0)","decl":{"start":{"line":6,"column":16},"end":{"line":6,"column":17}},"loc":{"start":{"line":12,"column":6},"end":{"line":90,"column":1}},"line":12},"1":{"name":"(anonymous_1)","decl":{"start":{"line":36,"column":42},"end":{"line":36,"column":43}},"loc":{"start":{"line":36,"column":49},"end":{"line":36,"column":63}},"line":36},"2":{"name":"(anonymous_2)","decl":{"start":{"line":45,"column":42},"end":{"line":45,"column":43}},"loc":{"start":{"line":45,"column":49},"end":{"line":45,"column":63}},"line":45},"3":{"name":"(anonymous_3)","decl":{"start":{"line":55,"column":42},"end":{"line":55,"column":43}},"loc":{"start":{"line":55,"column":49},"end":{"line":55,"column":63}},"line":55},"4":{"name":"(anonymous_4)","decl":{"start":{"line":63,"column":44},"end":{"line":63,"column":45}},"loc":{"start":{"line":63,"column":51},"end":{"line":63,"column":65}},"line":63}},"branchMap":{"0":{"loc":{"start":{"line":16,"column":20},"end":{"line":16,"column":55}},"type":"cond-expr","locations":[{"start":{"line":16,"column":27},"end":{"line":16,"column":43}},{"start":{"line":16,"column":46},"end":{"line":16,"column":55}}],"line":16},"1":{"loc":{"start":{"line":23,"column":9},"end":{"line":29,"column":9}},"type":"cond-expr","locations":[{"start":{"line":24,"column":10},"end":{"line":24,"column":23}},{"start":{"line":26,"column":10},"end":{"line":28,"column":16}}],"line":23},"2":{"loc":{"start":{"line":32,"column":9},"end":{"line":72,"column":16}},"type":"cond-expr","locations":[{"start":{"line":33,"column":10},"end":{"line":71,"column":16}},{"start":{"line":72,"column":12},"end":{"line":72,"column":16}}],"line":32},"3":{"loc":{"start":{"line":34,"column":13},"end":{"line":70,"column":13}},"type":"cond-expr","locations":[{"start":{"line":35,"column":14},"end":{"line":41,"column":19}},{"start":{"line":42,"column":16},"end":{"line":70,"column":13}}],"line":34},"4":{"loc":{"start":{"line":42,"column":16},"end":{"line":70,"column":13}},"type":"cond-expr","locations":[{"start":{"line":43,"column":14},"end":{"line":51,"column":17}},{"start":{"line":53,"column":14},"end":{"line":69,"column":17}}],"line":42},"5":{"loc":{"start":{"line":73,"column":9},"end":{"line":79,"column":9}},"type":"cond-expr","locations":[{"start":{"line":73,"column":23},"end":{"line":73,"column":27}},{"start":{"line":74,"column":10},"end":{"line":78,"column":16}}],"line":73}},"s":{"0":2,"1":19,"2":19,"3":0,"4":0,"5":0,"6":0},"f":{"0":19,"1":0,"2":0,"3":0,"4":0},"b":{"0":[1,18],"1":[19,0],"2":[19,0],"3":[0,19],"4":[4,15],"5":[19,0]},"_coverageSchema":"1a1c01bbd47fc00a2c39e90264f33305004495a9","hash":"b2b7f47255089cd5c98dd14082b4a1c7a9a33d3a"}
,"C:\\Users\\Usuario\\Desktop\\Proyecto final\\grupo-01\\Frontend\\src\\components\\pagination\\PaginationControll.js": {"path":"C:\\Users\\Usuario\\Desktop\\Proyecto final\\grupo-01\\Frontend\\src\\components\\pagination\\PaginationControll.js","statementMap":{"0":{"start":{"line":4,"column":27},"end":{"line":22,"column":1}},"1":{"start":{"line":6,"column":2},"end":{"line":21,"column":4}}},"fnMap":{"0":{"name":"(anonymous_0)","decl":{"start":{"line":4,"column":27},"end":{"line":4,"column":28}},"loc":{"start":{"line":4,"column":55},"end":{"line":22,"column":1}},"line":4}},"branchMap":{},"s":{"0":1,"1":0},"f":{"0":0},"b":{},"_coverageSchema":"1a1c01bbd47fc00a2c39e90264f33305004495a9","hash":"17da094584dde81b1e442e30e27ba2808ab2cd6d"}
,"C:\\Users\\Usuario\\Desktop\\Proyecto final\\grupo-01\\Frontend\\src\\contexts\\AuthContext.js": {"path":"C:\\Users\\Usuario\\Desktop\\Proyecto final\\grupo-01\\Frontend\\src\\contexts\\AuthContext.js","statementMap":{"0":{"start":{"line":6,"column":20},"end":{"line":6,"column":35}},"1":{"start":{"line":8,"column":21},"end":{"line":99,"column":1}},"2":{"start":{"line":9,"column":38},"end":{"line":9,"column":53}},"3":{"start":{"line":10,"column":36},"end":{"line":10,"column":51}},"4":{"start":{"line":11,"column":36},"end":{"line":11,"column":51}},"5":{"start":{"line":12,"column":38},"end":{"line":12,"column":53}},"6":{"start":{"line":13,"column":24},"end":{"line":13,"column":38}},"7":{"start":{"line":14,"column":40},"end":{"line":14,"column":53}},"8":{"start":{"line":15,"column":19},"end":{"line":15,"column":32}},"9":{"start":{"line":17,"column":2},"end":{"line":29,"column":24}},"10":{"start":{"line":18,"column":4},"end":{"line":18,"column":35}},"11":{"start":{"line":19,"column":4},"end":{"line":28,"column":5}},"12":{"start":{"line":20,"column":6},"end":{"line":20,"column":27}},"13":{"start":{"line":21,"column":6},"end":{"line":21,"column":25}},"14":{"start":{"line":22,"column":11},"end":{"line":28,"column":5}},"15":{"start":{"line":23,"column":6},"end":{"line":23,"column":26}},"16":{"start":{"line":24,"column":6},"end":{"line":24,"column":26}},"17":{"start":{"line":26,"column":6},"end":{"line":26,"column":26}},"18":{"start":{"line":27,"column":6},"end":{"line":27,"column":27}},"19":{"start":{"line":31,"column":24},"end":{"line":46,"column":3}},"20":{"start":{"line":32,"column":18},"end":{"line":32,"column":22}},"21":{"start":{"line":33,"column":18},"end":{"line":33,"column":47}},"22":{"start":{"line":34,"column":4},"end":{"line":44,"column":5}},"23":{"start":{"line":35,"column":21},"end":{"line":35,"column":37}},"24":{"start":{"line":36,"column":6},"end":{"line":41,"column":7}},"25":{"start":{"line":37,"column":8},"end":{"line":37,"column":24}},"26":{"start":{"line":38,"column":8},"end":{"line":38,"column":41}},"27":{"start":{"line":40,"column":8},"end":{"line":40,"column":23}},"28":{"start":{"line":45,"column":4},"end":{"line":45,"column":19}},"29":{"start":{"line":48,"column":16},"end":{"line":58,"column":3}},"30":{"start":{"line":49,"column":23},"end":{"line":49,"column":68}},"31":{"start":{"line":50,"column":6},"end":{"line":57,"column":7}},"32":{"start":{"line":51,"column":8},"end":{"line":51,"column":32}},"33":{"start":{"line":53,"column":8},"end":{"line":53,"column":28}},"34":{"start":{"line":54,"column":8},"end":{"line":54,"column":79}},"35":{"start":{"line":55,"column":8},"end":{"line":55,"column":75}},"36":{"start":{"line":56,"column":8},"end":{"line":56,"column":20}},"37":{"start":{"line":60,"column":17},"end":{"line":64,"column":3}},"38":{"start":{"line":61,"column":4},"end":{"line":61,"column":25}},"39":{"start":{"line":62,"column":4},"end":{"line":62,"column":36}},"40":{"start":{"line":63,"column":4},"end":{"line":63,"column":37}},"41":{"start":{"line":66,"column":19},"end":{"line":76,"column":3}},"42":{"start":{"line":67,"column":23},"end":{"line":67,"column":71}},"43":{"start":{"line":68,"column":6},"end":{"line":75,"column":7}},"44":{"start":{"line":69,"column":8},"end":{"line":69,"column":32}},"45":{"start":{"line":71,"column":8},"end":{"line":71,"column":28}},"46":{"start":{"line":72,"column":8},"end":{"line":72,"column":79}},"47":{"start":{"line":73,"column":8},"end":{"line":73,"column":75}},"48":{"start":{"line":74,"column":8},"end":{"line":74,"column":21}},"49":{"start":{"line":78,"column":2},"end":{"line":98,"column":4}}},"fnMap":{"0":{"name":"(anonymous_0)","decl":{"start":{"line":8,"column":21},"end":{"line":8,"column":22}},"loc":{"start":{"line":8,"column":39},"end":{"line":99,"column":1}},"line":8},"1":{"name":"(anonymous_1)","decl":{"start":{"line":17,"column":12},"end":{"line":17,"column":13}},"loc":{"start":{"line":17,"column":18},"end":{"line":29,"column":3}},"line":17},"2":{"name":"(anonymous_2)","decl":{"start":{"line":31,"column":24},"end":{"line":31,"column":25}},"loc":{"start":{"line":31,"column":30},"end":{"line":46,"column":3}},"line":31},"3":{"name":"(anonymous_3)","decl":{"start":{"line":48,"column":16},"end":{"line":48,"column":17}},"loc":{"start":{"line":48,"column":32},"end":{"line":58,"column":3}},"line":48},"4":{"name":"(anonymous_4)","decl":{"start":{"line":60,"column":17},"end":{"line":60,"column":18}},"loc":{"start":{"line":60,"column":23},"end":{"line":64,"column":3}},"line":60},"5":{"name":"(anonymous_5)","decl":{"start":{"line":66,"column":19},"end":{"line":66,"column":20}},"loc":{"start":{"line":66,"column":35},"end":{"line":76,"column":3}},"line":66}},"branchMap":{"0":{"loc":{"start":{"line":19,"column":4},"end":{"line":28,"column":5}},"type":"if","locations":[{"start":{"line":19,"column":4},"end":{"line":28,"column":5}},{"start":{"line":22,"column":11},"end":{"line":28,"column":5}}],"line":19},"1":{"loc":{"start":{"line":22,"column":11},"end":{"line":28,"column":5}},"type":"if","locations":[{"start":{"line":22,"column":11},"end":{"line":28,"column":5}},{"start":{"line":25,"column":11},"end":{"line":28,"column":5}}],"line":22},"2":{"loc":{"start":{"line":36,"column":6},"end":{"line":41,"column":7}},"type":"if","locations":[{"start":{"line":36,"column":6},"end":{"line":41,"column":7}},{"start":{"line":39,"column":13},"end":{"line":41,"column":7}}],"line":36},"3":{"loc":{"start":{"line":50,"column":6},"end":{"line":57,"column":7}},"type":"if","locations":[{"start":{"line":50,"column":6},"end":{"line":57,"column":7}},{"start":{"line":52,"column":13},"end":{"line":57,"column":7}}],"line":50},"4":{"loc":{"start":{"line":68,"column":6},"end":{"line":75,"column":7}},"type":"if","locations":[{"start":{"line":68,"column":6},"end":{"line":75,"column":7}},{"start":{"line":70,"column":13},"end":{"line":75,"column":7}}],"line":68}},"s":{"0":6,"1":6,"2":35,"3":35,"4":35,"5":35,"6":35,"7":35,"8":35,"9":35,"10":17,"11":17,"12":3,"13":3,"14":14,"15":0,"16":0,"17":14,"18":14,"19":35,"20":22,"21":22,"22":22,"23":22,"24":0,"25":0,"26":0,"27":0,"28":22,"29":35,"30":0,"31":0,"32":0,"33":0,"34":0,"35":0,"36":0,"37":35,"38":0,"39":0,"40":0,"41":35,"42":0,"43":0,"44":0,"45":0,"46":0,"47":0,"48":0,"49":35},"f":{"0":35,"1":17,"2":22,"3":0,"4":0,"5":0},"b":{"0":[3,14],"1":[0,14],"2":[0,0],"3":[0,0],"4":[0,0]},"_coverageSchema":"1a1c01bbd47fc00a2c39e90264f33305004495a9","hash":"536434f06d21362bbe41bffe662e3fee60d064f8"}
,"C:\\Users\\Usuario\\Desktop\\Proyecto final\\grupo-01\\Frontend\\src\\contexts\\ContextProvider.js": {"path":"C:\\Users\\Usuario\\Desktop\\Proyecto final\\grupo-01\\Frontend\\src\\contexts\\ContextProvider.js","statementMap":{"0":{"start":{"line":6,"column":21},"end":{"line":6,"column":36}},"1":{"start":{"line":8,"column":31},"end":{"line":191,"column":1}},"2":{"start":{"line":9,"column":42},"end":{"line":9,"column":54}},"3":{"start":{"line":10,"column":26},"end":{"line":10,"column":38}},"4":{"start":{"line":11,"column":44},"end":{"line":11,"column":56}},"5":{"start":{"line":12,"column":34},"end":{"line":12,"column":46}},"6":{"start":{"line":13,"column":36},"end":{"line":13,"column":48}},"7":{"start":{"line":14,"column":38},"end":{"line":14,"column":50}},"8":{"start":{"line":15,"column":38},"end":{"line":15,"column":49}},"9":{"start":{"line":16,"column":48},"end":{"line":16,"column":62}},"10":{"start":{"line":17,"column":32},"end":{"line":17,"column":46}},"11":{"start":{"line":18,"column":44},"end":{"line":18,"column":58}},"12":{"start":{"line":19,"column":40},"end":{"line":19,"column":57}},"13":{"start":{"line":20,"column":28},"end":{"line":20,"column":51}},"14":{"start":{"line":24,"column":2},"end":{"line":29,"column":31}},"15":{"start":{"line":25,"column":4},"end":{"line":28,"column":5}},"16":{"start":{"line":26,"column":6},"end":{"line":26,"column":25}},"17":{"start":{"line":27,"column":6},"end":{"line":27,"column":25}},"18":{"start":{"line":31,"column":27},"end":{"line":66,"column":3}},"19":{"start":{"line":32,"column":4},"end":{"line":65,"column":5}},"20":{"start":{"line":33,"column":6},"end":{"line":55,"column":7}},"21":{"start":{"line":37,"column":8},"end":{"line":41,"column":10}},"22":{"start":{"line":42,"column":13},"end":{"line":55,"column":7}},"23":{"start":{"line":46,"column":8},"end":{"line":49,"column":10}},"24":{"start":{"line":50,"column":13},"end":{"line":55,"column":7}},"25":{"start":{"line":51,"column":8},"end":{"line":51,"column":56}},"26":{"start":{"line":52,"column":8},"end":{"line":52,"column":64}},"27":{"start":{"line":53,"column":13},"end":{"line":55,"column":7}},"28":{"start":{"line":54,"column":8},"end":{"line":54,"column":68}},"29":{"start":{"line":56,"column":11},"end":{"line":65,"column":5}},"30":{"start":{"line":57,"column":6},"end":{"line":57,"column":21}},"31":{"start":{"line":59,"column":20},"end":{"line":59,"column":57}},"32":{"start":{"line":60,"column":6},"end":{"line":60,"column":24}},"33":{"start":{"line":61,"column":6},"end":{"line":61,"column":32}},"34":{"start":{"line":62,"column":6},"end":{"line":62,"column":30}},"35":{"start":{"line":63,"column":6},"end":{"line":63,"column":26}},"36":{"start":{"line":67,"column":27},"end":{"line":72,"column":3}},"37":{"start":{"line":68,"column":18},"end":{"line":68,"column":54}},"38":{"start":{"line":69,"column":4},"end":{"line":71,"column":5}},"39":{"start":{"line":70,"column":6},"end":{"line":70,"column":35}},"40":{"start":{"line":74,"column":18},"end":{"line":80,"column":3}},"41":{"start":{"line":75,"column":4},"end":{"line":78,"column":5}},"42":{"start":{"line":75,"column":17},"end":{"line":75,"column":33}},"43":{"start":{"line":76,"column":16},"end":{"line":76,"column":51}},"44":{"start":{"line":77,"column":6},"end":{"line":77,"column":50}},"45":{"start":{"line":79,"column":4},"end":{"line":79,"column":17}},"46":{"start":{"line":82,"column":23},"end":{"line":96,"column":3}},"47":{"start":{"line":83,"column":4},"end":{"line":95,"column":5}},"48":{"start":{"line":84,"column":6},"end":{"line":88,"column":7}},"49":{"start":{"line":85,"column":22},"end":{"line":85,"column":59}},"50":{"start":{"line":86,"column":26},"end":{"line":86,"column":45}},"51":{"start":{"line":87,"column":8},"end":{"line":87,"column":29}},"52":{"start":{"line":90,"column":6},"end":{"line":90,"column":25}},"53":{"start":{"line":92,"column":6},"end":{"line":92,"column":24}},"54":{"start":{"line":93,"column":6},"end":{"line":93,"column":32}},"55":{"start":{"line":94,"column":6},"end":{"line":94,"column":30}},"56":{"start":{"line":98,"column":33},"end":{"line":111,"column":3}},"57":{"start":{"line":99,"column":4},"end":{"line":110,"column":5}},"58":{"start":{"line":100,"column":26},"end":{"line":102,"column":7}},"59":{"start":{"line":103,"column":6},"end":{"line":103,"column":32}},"60":{"start":{"line":105,"column":6},"end":{"line":105,"column":25}},"61":{"start":{"line":107,"column":6},"end":{"line":107,"column":24}},"62":{"start":{"line":108,"column":6},"end":{"line":108,"column":32}},"63":{"start":{"line":109,"column":6},"end":{"line":109,"column":30}},"64":{"start":{"line":113,"column":30},"end":{"line":126,"column":3}},"65":{"start":{"line":114,"column":4},"end":{"line":125,"column":5}},"66":{"start":{"line":115,"column":26},"end":{"line":117,"column":7}},"67":{"start":{"line":118,"column":6},"end":{"line":118,"column":32}},"68":{"start":{"line":120,"column":6},"end":{"line":120,"column":25}},"69":{"start":{"line":122,"column":6},"end":{"line":122,"column":24}},"70":{"start":{"line":123,"column":6},"end":{"line":123,"column":32}},"71":{"start":{"line":124,"column":6},"end":{"line":124,"column":30}},"72":{"start":{"line":128,"column":37},"end":{"line":141,"column":3}},"73":{"start":{"line":129,"column":4},"end":{"line":140,"column":5}},"74":{"start":{"line":130,"column":26},"end":{"line":132,"column":7}},"75":{"start":{"line":133,"column":6},"end":{"line":133,"column":32}},"76":{"start":{"line":135,"column":6},"end":{"line":135,"column":25}},"77":{"start":{"line":137,"column":6},"end":{"line":137,"column":24}},"78":{"start":{"line":138,"column":6},"end":{"line":138,"column":32}},"79":{"start":{"line":139,"column":6},"end":{"line":139,"column":30}},"80":{"start":{"line":143,"column":44},"end":{"line":159,"column":3}},"81":{"start":{"line":148,"column":22},"end":{"line":150,"column":5}},"82":{"start":{"line":151,"column":23},"end":{"line":153,"column":5}},"83":{"start":{"line":154,"column":22},"end":{"line":154,"column":128}},"84":{"start":{"line":154,"column":59},"end":{"line":154,"column":127}},"85":{"start":{"line":155,"column":4},"end":{"line":155,"column":23}},"86":{"start":{"line":156,"column":4},"end":{"line":156,"column":22}},"87":{"start":{"line":157,"column":4},"end":{"line":157,"column":30}},"88":{"start":{"line":158,"column":4},"end":{"line":158,"column":28}},"89":{"start":{"line":161,"column":2},"end":{"line":190,"column":4}},"90":{"start":{"line":193,"column":31},"end":{"line":193,"column":61}},"91":{"start":{"line":193,"column":37},"end":{"line":193,"column":61}}},"fnMap":{"0":{"name":"(anonymous_0)","decl":{"start":{"line":8,"column":31},"end":{"line":8,"column":32}},"loc":{"start":{"line":8,"column":49},"end":{"line":191,"column":1}},"line":8},"1":{"name":"(anonymous_1)","decl":{"start":{"line":24,"column":12},"end":{"line":24,"column":13}},"loc":{"start":{"line":24,"column":18},"end":{"line":29,"column":3}},"line":24},"2":{"name":"(anonymous_2)","decl":{"start":{"line":31,"column":27},"end":{"line":31,"column":28}},"loc":{"start":{"line":31,"column":39},"end":{"line":66,"column":3}},"line":31},"3":{"name":"(anonymous_3)","decl":{"start":{"line":67,"column":27},"end":{"line":67,"column":28}},"loc":{"start":{"line":67,"column":39},"end":{"line":72,"column":3}},"line":67},"4":{"name":"(anonymous_4)","decl":{"start":{"line":74,"column":18},"end":{"line":74,"column":19}},"loc":{"start":{"line":74,"column":29},"end":{"line":80,"column":3}},"line":74},"5":{"name":"(anonymous_5)","decl":{"start":{"line":82,"column":23},"end":{"line":82,"column":24}},"loc":{"start":{"line":82,"column":35},"end":{"line":96,"column":3}},"line":82},"6":{"name":"(anonymous_6)","decl":{"start":{"line":98,"column":33},"end":{"line":98,"column":34}},"loc":{"start":{"line":98,"column":60},"end":{"line":111,"column":3}},"line":98},"7":{"name":"(anonymous_7)","decl":{"start":{"line":113,"column":30},"end":{"line":113,"column":31}},"loc":{"start":{"line":113,"column":54},"end":{"line":126,"column":3}},"line":113},"8":{"name":"(anonymous_8)","decl":{"start":{"line":128,"column":37},"end":{"line":128,"column":38}},"loc":{"start":{"line":128,"column":73},"end":{"line":141,"column":3}},"line":128},"9":{"name":"(anonymous_9)","decl":{"start":{"line":143,"column":44},"end":{"line":143,"column":45}},"loc":{"start":{"line":147,"column":7},"end":{"line":159,"column":3}},"line":147},"10":{"name":"(anonymous_10)","decl":{"start":{"line":154,"column":45},"end":{"line":154,"column":46}},"loc":{"start":{"line":154,"column":59},"end":{"line":154,"column":127}},"line":154},"11":{"name":"(anonymous_11)","decl":{"start":{"line":193,"column":31},"end":{"line":193,"column":32}},"loc":{"start":{"line":193,"column":37},"end":{"line":193,"column":61}},"line":193}},"branchMap":{"0":{"loc":{"start":{"line":25,"column":4},"end":{"line":28,"column":5}},"type":"if","locations":[{"start":{"line":25,"column":4},"end":{"line":28,"column":5}},{"start":{},"end":{}}],"line":25},"1":{"loc":{"start":{"line":32,"column":4},"end":{"line":65,"column":5}},"type":"if","locations":[{"start":{"line":32,"column":4},"end":{"line":65,"column":5}},{"start":{"line":56,"column":11},"end":{"line":65,"column":5}}],"line":32},"2":{"loc":{"start":{"line":33,"column":6},"end":{"line":55,"column":7}},"type":"if","locations":[{"start":{"line":33,"column":6},"end":{"line":55,"column":7}},{"start":{"line":42,"column":13},"end":{"line":55,"column":7}}],"line":33},"3":{"loc":{"start":{"line":34,"column":8},"end":{"line":35,"column":40}},"type":"binary-expr","locations":[{"start":{"line":34,"column":8},"end":{"line":34,"column":40}},{"start":{"line":35,"column":8},"end":{"line":35,"column":40}}],"line":34},"4":{"loc":{"start":{"line":42,"column":13},"end":{"line":55,"column":7}},"type":"if","locations":[{"start":{"line":42,"column":13},"end":{"line":55,"column":7}},{"start":{"line":50,"column":13},"end":{"line":55,"column":7}}],"line":42},"5":{"loc":{"start":{"line":43,"column":8},"end":{"line":44,"column":40}},"type":"binary-expr","locations":[{"start":{"line":43,"column":8},"end":{"line":43,"column":41}},{"start":{"line":44,"column":8},"end":{"line":44,"column":40}}],"line":43},"6":{"loc":{"start":{"line":50,"column":13},"end":{"line":55,"column":7}},"type":"if","locations":[{"start":{"line":50,"column":13},"end":{"line":55,"column":7}},{"start":{"line":53,"column":13},"end":{"line":55,"column":7}}],"line":50},"7":{"loc":{"start":{"line":53,"column":13},"end":{"line":55,"column":7}},"type":"if","locations":[{"start":{"line":53,"column":13},"end":{"line":55,"column":7}},{"start":{},"end":{}}],"line":53},"8":{"loc":{"start":{"line":56,"column":11},"end":{"line":65,"column":5}},"type":"if","locations":[{"start":{"line":56,"column":11},"end":{"line":65,"column":5}},{"start":{"line":58,"column":11},"end":{"line":65,"column":5}}],"line":56},"9":{"loc":{"start":{"line":56,"column":15},"end":{"line":56,"column":54}},"type":"binary-expr","locations":[{"start":{"line":56,"column":15},"end":{"line":56,"column":31}},{"start":{"line":56,"column":35},"end":{"line":56,"column":54}}],"line":56},"10":{"loc":{"start":{"line":69,"column":4},"end":{"line":71,"column":5}},"type":"if","locations":[{"start":{"line":69,"column":4},"end":{"line":71,"column":5}},{"start":{},"end":{}}],"line":69},"11":{"loc":{"start":{"line":84,"column":6},"end":{"line":88,"column":7}},"type":"if","locations":[{"start":{"line":84,"column":6},"end":{"line":88,"column":7}},{"start":{},"end":{}}],"line":84}},"s":{"0":4,"1":4,"2":27,"3":27,"4":27,"5":27,"6":27,"7":27,"8":27,"9":27,"10":27,"11":27,"12":27,"13":27,"14":15,"15":5,"16":5,"17":5,"18":15,"19":5,"20":0,"21":0,"22":0,"23":0,"24":0,"25":0,"26":0,"27":0,"28":0,"29":5,"30":5,"31":0,"32":0,"33":0,"34":0,"35":0,"36":15,"37":5,"38":0,"39":0,"40":15,"41":0,"42":0,"43":0,"44":0,"45":0,"46":15,"47":5,"48":5,"49":5,"50":0,"51":0,"52":0,"53":0,"54":0,"55":0,"56":15,"57":0,"58":0,"59":0,"60":0,"61":0,"62":0,"63":0,"64":15,"65":0,"66":0,"67":0,"68":0,"69":0,"70":0,"71":0,"72":15,"73":0,"74":0,"75":0,"76":0,"77":0,"78":0,"79":0,"80":15,"81":0,"82":0,"83":0,"84":0,"85":0,"86":0,"87":0,"88":0,"89":15,"90":4,"91":19},"f":{"0":27,"1":5,"2":5,"3":5,"4":0,"5":5,"6":0,"7":0,"8":0,"9":0,"10":0,"11":19},"b":{"0":[5,0],"1":[0,5],"2":[0,0],"3":[0,0],"4":[0,0],"5":[0,0],"6":[0,0],"7":[0,0],"8":[5,0],"9":[5,5],"10":[0,0],"11":[5,0]},"_coverageSchema":"1a1c01bbd47fc00a2c39e90264f33305004495a9","hash":"c61ff75171f4bda3508cbbd292fcae15e42c0c59"}
,"C:\\Users\\Usuario\\Desktop\\Proyecto final\\grupo-01\\Frontend\\src\\layouts\\App.js": {"path":"C:\\Users\\Usuario\\Desktop\\Proyecto final\\grupo-01\\Frontend\\src\\layouts\\App.js","statementMap":{"0":{"start":{"line":9,"column":2},"end":{"line":20,"column":4}}},"fnMap":{"0":{"name":"App","decl":{"start":{"line":8,"column":9},"end":{"line":8,"column":12}},"loc":{"start":{"line":8,"column":15},"end":{"line":21,"column":1}},"line":8}},"branchMap":{},"s":{"0":4},"f":{"0":4},"b":{},"_coverageSchema":"1a1c01bbd47fc00a2c39e90264f33305004495a9","hash":"6c4d75bf111b7d196e33b502a687b7a1cf5adf68"}
}
