TN:
SF:src\components\auth\Login.js
FN:8,(anonymous_0)
FN:16,(anonymous_1)
FN:33,(anonymous_2)
FN:158,(anonymous_3)
FNF:4
FNH:1
FNDA:21,(anonymous_0)
FNDA:0,(anonymous_1)
FNDA:0,(anonymous_2)
FNDA:0,(anonymous_3)
DA:8,3
DA:9,21
DA:10,21
DA:11,21
DA:12,21
DA:14,21
DA:16,21
DA:17,0
DA:18,0
DA:20,0
DA:21,0
DA:25,0
DA:29,0
DA:33,21
DA:34,0
DA:35,0
DA:36,0
DA:37,0
DA:38,0
DA:39,0
DA:41,0
DA:42,0
DA:43,0
DA:44,0
DA:47,21
DA:158,0
LF:26
LH:9
BRDA:18,0,0,0
BRDA:18,0,1,0
BRDA:18,1,0,0
BRDA:18,1,1,0
BRDA:21,2,0,0
BRDA:21,2,1,0
BRDA:22,3,0,0
BRDA:22,3,1,0
BRDA:34,4,0,0
BRDA:34,4,1,0
BRDA:49,5,0,7
BRDA:49,5,1,14
BRDA:52,6,0,21
BRDA:52,6,1,0
BRDA:68,7,0,21
BRDA:68,7,1,0
BRDA:91,8,0,21
BRDA:91,8,1,0
BRDA:114,9,0,21
BRDA:114,9,1,0
BRDA:152,10,0,0
BRDA:152,10,1,21
BRF:22
BRH:7
end_of_record
TN:
SF:src\components\auth\Register.js
FN:14,(anonymous_0)
FN:21,handleChange
FN:25,handleSubmit
FN:39,(anonymous_3)
FN:45,validate
FN:107,handleClose
FN:115,handlePasswordVisibility
FN:196,(anonymous_7)
FNF:8
FNH:4
FNDA:56,(anonymous_0)
FNDA:8,handleChange
FNDA:11,handleSubmit
FNDA:0,(anonymous_3)
FNDA:11,validate
FNDA:0,handleClose
FNDA:0,handlePasswordVisibility
FNDA:0,(anonymous_7)
DA:6,3
DA:14,3
DA:15,56
DA:16,56
DA:17,56
DA:18,56
DA:19,56
DA:22,8
DA:26,11
DA:27,11
DA:28,0
DA:37,0
DA:38,0
DA:39,0
DA:40,0
DA:46,11
DA:47,11
DA:48,11
DA:49,11
DA:53,11
DA:54,10
DA:55,10
DA:57,1
DA:58,1
DA:59,1
DA:63,11
DA:64,10
DA:65,10
DA:67,1
DA:68,1
DA:69,1
DA:73,11
DA:74,7
DA:75,7
DA:76,4
DA:77,4
DA:78,4
DA:81,11
DA:82,10
DA:83,10
DA:85,1
DA:86,0
DA:87,0
DA:92,11
DA:93,10
DA:94,10
DA:96,1
DA:97,1
DA:98,1
DA:102,11
DA:104,11
DA:108,0
DA:109,0
DA:110,0
DA:112,0
DA:116,0
DA:119,56
DA:196,0
LF:58
LH:45
BRDA:27,0,0,0
BRDA:27,0,1,11
BRDA:53,1,0,10
BRDA:53,1,1,1
BRDA:57,2,0,1
BRDA:57,2,1,0
BRDA:57,3,0,1
BRDA:57,3,1,1
BRDA:63,4,0,10
BRDA:63,4,1,1
BRDA:67,5,0,1
BRDA:67,5,1,0
BRDA:67,6,0,1
BRDA:67,6,1,1
BRDA:73,7,0,7
BRDA:73,7,1,4
BRDA:76,8,0,4
BRDA:76,8,1,0
BRDA:81,9,0,10
BRDA:81,9,1,1
BRDA:85,10,0,0
BRDA:85,10,1,1
BRDA:92,11,0,10
BRDA:92,11,1,1
BRDA:96,12,0,1
BRDA:96,12,1,0
BRDA:108,13,0,0
BRDA:108,13,1,0
BRDA:121,14,0,0
BRDA:121,14,1,56
BRDA:124,15,0,0
BRDA:124,15,1,56
BRDA:187,16,0,0
BRDA:187,16,1,56
BRF:34
BRH:23
end_of_record
TN:
SF:src\components\footer\Footer.js
FN:3,(anonymous_0)
FNF:1
FNH:1
FNDA:4,(anonymous_0)
DA:3,1
DA:4,4
LF:2
LH:2
BRF:0
BRH:0
end_of_record
TN:
SF:src\components\header\Header.js
FN:13,(anonymous_0)
FN:27,(anonymous_1)
FN:41,(anonymous_2)
FN:45,(anonymous_3)
FN:58,(anonymous_4)
FN:71,(anonymous_5)
FNF:6
FNH:5
FNDA:19,(anonymous_0)
FNDA:12,(anonymous_1)
FNDA:1,(anonymous_2)
FNDA:2,(anonymous_3)
FNDA:0,(anonymous_4)
FNDA:1,(anonymous_5)
DA:13,2
DA:14,19
DA:15,19
DA:22,19
DA:23,19
DA:24,19
DA:25,19
DA:27,19
DA:28,12
DA:29,3
DA:31,12
DA:32,0
DA:34,12
DA:35,3
DA:36,9
DA:37,9
DA:41,19
DA:42,1
DA:45,19
DA:46,2
DA:47,0
DA:48,0
DA:50,2
DA:51,2
DA:52,2
DA:54,2
DA:55,2
DA:58,19
DA:59,0
DA:60,0
DA:61,0
DA:62,0
DA:65,19
DA:72,1
DA:73,1
DA:74,1
DA:75,1
DA:76,1
DA:77,1
DA:78,1
LF:40
LH:33
BRDA:28,0,0,3
BRDA:28,0,1,9
BRDA:31,1,0,0
BRDA:31,1,1,12
BRDA:34,2,0,3
BRDA:34,2,1,9
BRDA:34,3,0,12
BRDA:34,3,1,9
BRDA:36,4,0,9
BRDA:36,4,1,0
BRDA:36,5,0,9
BRDA:36,5,1,0
BRDA:46,6,0,0
BRDA:46,6,1,2
BRDA:50,7,0,2
BRDA:50,7,1,0
BRDA:85,8,0,0
BRDA:85,8,1,19
BRDA:85,9,0,19
BRDA:85,9,1,0
BRDA:96,10,0,4
BRDA:96,10,1,15
BRDA:96,11,0,19
BRDA:96,11,1,4
BRDA:107,12,0,15
BRDA:107,12,1,0
BRDA:130,13,0,0
BRDA:130,13,1,0
BRF:28
BRH:18
end_of_record
TN:
SF:src\components\header\sidebar.js
FN:6,(anonymous_0)
FN:36,(anonymous_1)
FN:45,(anonymous_2)
FN:55,(anonymous_3)
FN:63,(anonymous_4)
FNF:5
FNH:1
FNDA:19,(anonymous_0)
FNDA:0,(anonymous_1)
FNDA:0,(anonymous_2)
FNDA:0,(anonymous_3)
FNDA:0,(anonymous_4)
DA:6,2
DA:13,19
DA:15,19
DA:36,0
DA:45,0
DA:55,0
DA:63,0
LF:7
LH:3
BRDA:16,0,0,1
BRDA:16,0,1,18
BRDA:23,1,0,19
BRDA:23,1,1,0
BRDA:32,2,0,19
BRDA:32,2,1,0
BRDA:34,3,0,0
BRDA:34,3,1,19
BRDA:42,4,0,4
BRDA:42,4,1,15
BRDA:73,5,0,19
BRDA:73,5,1,0
BRF:12
BRH:8
end_of_record
TN:
SF:src\components\pagination\PaginationControll.js
FN:4,(anonymous_0)
FNF:1
FNH:0
FNDA:0,(anonymous_0)
DA:4,1
DA:6,0
LF:2
LH:1
BRF:0
BRH:0
end_of_record
TN:
SF:src\contexts\AuthContext.js
FN:8,(anonymous_0)
FN:17,(anonymous_1)
FN:31,(anonymous_2)
FN:48,(anonymous_3)
FN:60,(anonymous_4)
FN:66,(anonymous_5)
FNF:6
FNH:3
FNDA:35,(anonymous_0)
FNDA:17,(anonymous_1)
FNDA:22,(anonymous_2)
FNDA:0,(anonymous_3)
FNDA:0,(anonymous_4)
FNDA:0,(anonymous_5)
DA:6,6
DA:8,6
DA:9,35
DA:10,35
DA:11,35
DA:12,35
DA:13,35
DA:14,35
DA:15,35
DA:17,35
DA:18,17
DA:19,17
DA:20,3
DA:21,3
DA:22,14
DA:23,0
DA:24,0
DA:26,14
DA:27,14
DA:31,35
DA:32,22
DA:33,22
DA:34,22
DA:35,22
DA:36,0
DA:37,0
DA:38,0
DA:40,0
DA:45,22
DA:48,35
DA:49,0
DA:50,0
DA:51,0
DA:53,0
DA:54,0
DA:55,0
DA:56,0
DA:60,35
DA:61,0
DA:62,0
DA:63,0
DA:66,35
DA:67,0
DA:68,0
DA:69,0
DA:71,0
DA:72,0
DA:73,0
DA:74,0
DA:78,35
LF:50
LH:27
BRDA:19,0,0,3
BRDA:19,0,1,14
BRDA:22,1,0,0
BRDA:22,1,1,14
BRDA:36,2,0,0
BRDA:36,2,1,0
BRDA:50,3,0,0
BRDA:50,3,1,0
BRDA:68,4,0,0
BRDA:68,4,1,0
BRF:10
BRH:3
end_of_record
TN:
SF:src\contexts\ContextProvider.js
FN:8,(anonymous_0)
FN:24,(anonymous_1)
FN:31,(anonymous_2)
FN:67,(anonymous_3)
FN:74,(anonymous_4)
FN:82,(anonymous_5)
FN:98,(anonymous_6)
FN:113,(anonymous_7)
FN:128,(anonymous_8)
FN:143,(anonymous_9)
FN:154,(anonymous_10)
FN:193,(anonymous_11)
FNF:12
FNH:6
FNDA:27,(anonymous_0)
FNDA:5,(anonymous_1)
FNDA:5,(anonymous_2)
FNDA:5,(anonymous_3)
FNDA:0,(anonymous_4)
FNDA:5,(anonymous_5)
FNDA:0,(anonymous_6)
FNDA:0,(anonymous_7)
FNDA:0,(anonymous_8)
FNDA:0,(anonymous_9)
FNDA:0,(anonymous_10)
FNDA:19,(anonymous_11)
DA:6,4
DA:8,4
DA:9,27
DA:10,27
DA:11,27
DA:12,27
DA:13,27
DA:14,27
DA:15,27
DA:16,27
DA:17,27
DA:18,27
DA:19,27
DA:20,27
DA:24,15
DA:25,5
DA:26,5
DA:27,5
DA:31,15
DA:32,5
DA:33,0
DA:37,0
DA:42,0
DA:46,0
DA:50,0
DA:51,0
DA:52,0
DA:53,0
DA:54,0
DA:56,5
DA:57,5
DA:59,0
DA:60,0
DA:61,0
DA:62,0
DA:63,0
DA:67,15
DA:68,5
DA:69,0
DA:70,0
DA:74,15
DA:75,0
DA:76,0
DA:77,0
DA:79,0
DA:82,15
DA:83,5
DA:84,5
DA:85,5
DA:86,0
DA:87,0
DA:90,0
DA:92,0
DA:93,0
DA:94,0
DA:98,15
DA:99,0
DA:100,0
DA:103,0
DA:105,0
DA:107,0
DA:108,0
DA:109,0
DA:113,15
DA:114,0
DA:115,0
DA:118,0
DA:120,0
DA:122,0
DA:123,0
DA:124,0
DA:128,15
DA:129,0
DA:130,0
DA:133,0
DA:135,0
DA:137,0
DA:138,0
DA:139,0
DA:143,15
DA:148,0
DA:151,0
DA:154,0
DA:155,0
DA:156,0
DA:157,0
DA:158,0
DA:161,15
DA:193,19
LF:89
LH:35
BRDA:25,0,0,5
BRDA:25,0,1,0
BRDA:32,1,0,0
BRDA:32,1,1,5
BRDA:33,2,0,0
BRDA:33,2,1,0
BRDA:34,3,0,0
BRDA:34,3,1,0
BRDA:42,4,0,0
BRDA:42,4,1,0
BRDA:43,5,0,0
BRDA:43,5,1,0
BRDA:50,6,0,0
BRDA:50,6,1,0
BRDA:53,7,0,0
BRDA:53,7,1,0
BRDA:56,8,0,5
BRDA:56,8,1,0
BRDA:56,9,0,5
BRDA:56,9,1,5
BRDA:69,10,0,0
BRDA:69,10,1,0
BRDA:84,11,0,5
BRDA:84,11,1,0
BRF:24
BRH:6
end_of_record
TN:
SF:src\layouts\App.js
FN:8,App
FNF:1
FNH:1
FNDA:4,App
DA:9,4
LF:1
LH:1
BRF:0
BRH:0
end_of_record
