TN:
SF:src\components\auth\Login.js
FN:6,(anonymous_0)
FN:11,(anonymous_1)
FN:31,(anonymous_2)
FN:98,(anonymous_3)
FNF:4
FNH:2
FNDA:24,(anonymous_0)
FNDA:1,(anonymous_1)
FNDA:0,(anonymous_2)
FNDA:0,(anonymous_3)
DA:6,2
DA:7,24
DA:8,24
DA:9,24
DA:11,24
DA:12,1
DA:13,1
DA:14,1
DA:15,0
DA:19,0
DA:20,0
DA:23,0
DA:27,1
DA:31,24
DA:32,0
DA:33,0
DA:34,0
DA:35,0
DA:37,0
DA:38,0
DA:42,24
DA:98,0
LF:22
LH:11
BRDA:14,0,0,0
BRDA:14,0,1,1
BRDA:15,1,0,0
BRDA:15,1,1,0
BRDA:16,2,0,0
BRDA:16,2,1,0
BRDA:32,3,0,0
BRDA:32,3,1,0
BRDA:44,4,0,4
BRDA:44,4,1,20
BRDA:47,5,0,23
BRDA:47,5,1,1
BRDA:64,6,0,24
BRDA:64,6,1,0
BRDA:92,7,0,0
BRDA:92,7,1,24
BRF:16
BRH:7
end_of_record
TN:
SF:src\components\auth\Register.js
FN:6,(anonymous_0)
FN:26,(anonymous_1)
FN:35,(anonymous_2)
FN:47,(anonymous_3)
FN:54,(anonymous_4)
FN:118,(anonymous_5)
FN:126,(anonymous_6)
FN:132,(anonymous_7)
FN:214,(anonymous_8)
FNF:9
FNH:5
FNDA:18,(anonymous_0)
FNDA:14,(anonymous_1)
FNDA:14,(anonymous_2)
FNDA:0,(anonymous_3)
FNDA:14,(anonymous_4)
FNDA:0,(anonymous_5)
FNDA:0,(anonymous_6)
FNDA:60,(anonymous_7)
FNDA:0,(anonymous_8)
DA:7,18
DA:8,18
DA:20,18
DA:21,18
DA:22,18
DA:23,18
DA:27,14
DA:28,14
DA:30,14
DA:36,14
DA:37,14
DA:38,1
DA:39,1
DA:40,1
DA:41,1
DA:42,1
DA:43,1
DA:44,1
DA:45,1
DA:46,1
DA:47,1
DA:48,0
DA:49,0
DA:55,14
DA:56,14
DA:57,14
DA:58,14
DA:59,14
DA:63,14
DA:64,12
DA:65,12
DA:67,2
DA:68,1
DA:69,1
DA:73,14
DA:74,12
DA:75,12
DA:77,2
DA:78,1
DA:79,1
DA:83,14
DA:84,9
DA:85,9
DA:86,5
DA:87,4
DA:88,4
DA:91,14
DA:92,11
DA:93,11
DA:95,3
DA:96,1
DA:97,1
DA:101,14
DA:102,12
DA:103,12
DA:105,2
DA:106,1
DA:107,1
DA:111,14
DA:115,14
DA:119,0
DA:120,0
DA:121,0
DA:123,0
DA:127,0
DA:133,60
DA:214,0
LF:67
LH:59
BRDA:37,0,0,1
BRDA:37,0,1,13
BRDA:63,1,0,12
BRDA:63,1,1,2
BRDA:67,2,0,1
BRDA:67,2,1,1
BRDA:67,3,0,2
BRDA:67,3,1,2
BRDA:73,4,0,12
BRDA:73,4,1,2
BRDA:77,5,0,1
BRDA:77,5,1,1
BRDA:77,6,0,2
BRDA:77,6,1,2
BRDA:83,7,0,9
BRDA:83,7,1,5
BRDA:86,8,0,4
BRDA:86,8,1,1
BRDA:91,9,0,11
BRDA:91,9,1,3
BRDA:95,10,0,1
BRDA:95,10,1,2
BRDA:101,11,0,12
BRDA:101,11,1,2
BRDA:105,12,0,1
BRDA:105,12,1,1
BRDA:119,13,0,0
BRDA:119,13,1,0
BRDA:135,14,0,2
BRDA:135,14,1,58
BRDA:138,15,0,1
BRDA:138,15,1,59
BRDA:205,16,0,0
BRDA:205,16,1,60
BRF:34
BRH:31
end_of_record
TN:
SF:src\components\body\Card.js
FN:4,(anonymous_0)
FN:7,(anonymous_1)
FNF:2
FNH:0
FNDA:0,(anonymous_0)
FNDA:0,(anonymous_1)
DA:4,1
DA:5,0
DA:7,0
DA:8,0
DA:10,0
LF:5
LH:1
BRDA:15,0,0,0
BRDA:15,0,1,0
BRDA:18,1,0,0
BRDA:18,1,1,0
BRDA:24,2,0,0
BRDA:24,2,1,0
BRDA:38,3,0,0
BRDA:38,3,1,0
BRDA:41,4,0,0
BRDA:41,4,1,0
BRDA:44,5,0,0
BRDA:44,5,1,0
BRF:12
BRH:0
end_of_record
TN:
SF:src\components\body\Cards.js
FN:7,(anonymous_0)
FN:23,(anonymous_1)
FN:25,(anonymous_2)
FN:40,(anonymous_3)
FN:53,(anonymous_4)
FNF:5
FNH:0
FNDA:0,(anonymous_0)
FNDA:0,(anonymous_1)
FNDA:0,(anonymous_2)
FNDA:0,(anonymous_3)
FNDA:0,(anonymous_4)
DA:7,1
DA:18,0
DA:19,0
DA:20,0
DA:21,0
DA:23,0
DA:25,0
DA:26,0
DA:40,0
DA:41,0
DA:45,0
DA:52,0
DA:53,0
DA:54,0
DA:56,0
LF:15
LH:1
BRDA:61,0,0,0
BRDA:61,0,1,0
BRF:2
BRH:0
end_of_record
TN:
SF:src\components\body\Categories.js
FN:7,(anonymous_0)
FN:18,(anonymous_1)
FN:22,(anonymous_2)
FN:28,(anonymous_3)
FN:35,(anonymous_4)
FN:44,(anonymous_5)
FN:47,(anonymous_6)
FNF:7
FNH:3
FNDA:2,(anonymous_0)
FNDA:2,(anonymous_1)
FNDA:0,(anonymous_2)
FNDA:0,(anonymous_3)
FNDA:2,(anonymous_4)
FNDA:0,(anonymous_5)
FNDA:0,(anonymous_6)
DA:7,1
DA:15,2
DA:16,2
DA:18,2
DA:19,2
DA:22,2
DA:23,0
DA:24,0
DA:25,0
DA:26,0
DA:27,0
DA:28,0
DA:29,0
DA:30,0
DA:31,0
DA:35,2
DA:36,2
DA:37,0
DA:40,2
DA:45,0
DA:47,0
LF:21
LH:9
BRF:0
BRH:0
end_of_record
TN:
SF:src\components\body\Main.js
FN:8,(anonymous_0)
FN:11,(anonymous_1)
FN:12,(anonymous_2)
FNF:3
FNH:2
FNDA:2,(anonymous_0)
FNDA:2,(anonymous_1)
FNDA:0,(anonymous_2)
DA:8,1
DA:9,2
DA:11,2
DA:12,2
DA:13,0
DA:17,2
LF:6
LH:5
BRDA:20,0,0,0
BRDA:20,0,1,2
BRF:2
BRH:1
end_of_record
TN:
SF:src\components\body\buscador\Buscador.js
FN:8,(anonymous_0)
FN:24,(anonymous_1)
FN:37,(anonymous_2)
FN:43,(anonymous_3)
FN:44,(anonymous_4)
FN:49,(anonymous_5)
FN:60,(anonymous_6)
FN:73,(anonymous_7)
FNF:8
FNH:3
FNDA:3,(anonymous_0)
FNDA:2,(anonymous_1)
FNDA:0,(anonymous_2)
FNDA:0,(anonymous_3)
FNDA:0,(anonymous_4)
FNDA:0,(anonymous_5)
FNDA:1,(anonymous_6)
FNDA:0,(anonymous_7)
DA:8,1
DA:18,3
DA:19,3
DA:20,3
DA:21,3
DA:22,3
DA:24,3
DA:25,2
DA:26,2
DA:27,2
DA:28,0
DA:29,0
DA:32,3
DA:37,3
DA:39,0
DA:40,0
DA:41,0
DA:43,3
DA:44,0
DA:45,0
DA:47,0
DA:49,3
DA:50,0
DA:54,0
DA:60,3
DA:61,1
DA:62,1
DA:63,1
DA:65,1
DA:66,0
DA:67,1
DA:68,0
DA:69,0
DA:73,3
DA:74,0
DA:75,0
DA:76,0
DA:77,0
DA:81,0
DA:85,0
DA:86,0
DA:88,0
DA:89,0
DA:93,3
LF:44
LH:22
BRDA:27,0,0,0
BRDA:27,0,1,2
BRDA:27,1,0,2
BRDA:27,1,1,0
BRDA:61,2,0,1
BRDA:61,2,1,0
BRDA:65,3,0,0
BRDA:65,3,1,1
BRDA:67,4,0,0
BRDA:67,4,1,1
BRDA:74,5,0,0
BRDA:74,5,1,0
BRDA:85,6,0,0
BRDA:85,6,1,0
BRDA:100,7,0,3
BRDA:100,7,1,0
BRDA:101,8,0,3
BRDA:101,8,1,0
BRDA:113,9,0,0
BRDA:113,9,1,3
BRDA:117,10,0,3
BRDA:117,10,1,1
BRF:22
BRH:10
end_of_record
TN:
SF:src\components\body\buscador\CustomCalendar.js
FN:5,(anonymous_0)
FN:15,(anonymous_1)
FN:16,(anonymous_2)
FN:29,(anonymous_3)
FN:30,(anonymous_4)
FN:41,(anonymous_5)
FNF:6
FNH:5
FNDA:1,(anonymous_0)
FNDA:14,(anonymous_1)
FNDA:2,(anonymous_2)
FNDA:7,(anonymous_3)
FNDA:1,(anonymous_4)
FNDA:0,(anonymous_5)
DA:5,1
DA:6,1
DA:8,1
DA:15,14
DA:16,2
DA:29,7
DA:30,1
DA:41,0
LF:8
LH:7
BRF:0
BRH:0
end_of_record
TN:
SF:src\components\body\buscador\LocationsList.js
FN:5,(anonymous_0)
FN:11,(anonymous_1)
FN:17,(anonymous_2)
FNF:3
FNH:0
FNDA:0,(anonymous_0)
FNDA:0,(anonymous_1)
FNDA:0,(anonymous_2)
DA:5,1
DA:7,0
DA:9,0
DA:12,0
DA:18,0
DA:19,0
LF:6
LH:1
BRF:0
BRH:0
end_of_record
TN:
SF:src\components\calendarAvailableDay\CalendarAvailableDay.jsx
FN:4,(anonymous_0)
FN:28,(anonymous_1)
FN:40,(anonymous_2)
FN:41,(anonymous_3)
FN:48,(anonymous_4)
FNF:5
FNH:0
FNDA:0,(anonymous_0)
FNDA:0,(anonymous_1)
FNDA:0,(anonymous_2)
FNDA:0,(anonymous_3)
FNDA:0,(anonymous_4)
DA:4,0
DA:5,0
DA:6,0
DA:28,0
DA:29,0
DA:31,0
DA:33,0
DA:34,0
DA:35,0
DA:38,0
DA:40,0
DA:41,0
DA:42,0
DA:44,0
DA:45,0
DA:48,0
DA:49,0
DA:51,0
LF:18
LH:0
BRF:0
BRH:0
end_of_record
TN:
SF:src\components\footer\Footer.js
FN:3,(anonymous_0)
FNF:1
FNH:1
FNDA:7,(anonymous_0)
DA:3,1
DA:4,7
LF:2
LH:2
BRF:0
BRH:0
end_of_record
TN:
SF:src\components\header\Header.js
FN:11,(anonymous_0)
FN:18,(anonymous_1)
FN:33,(anonymous_2)
FN:37,(anonymous_3)
FN:55,(anonymous_4)
FN:71,(anonymous_5)
FNF:6
FNH:5
FNDA:28,(anonymous_0)
FNDA:17,(anonymous_1)
FNDA:1,(anonymous_2)
FNDA:3,(anonymous_3)
FNDA:0,(anonymous_4)
FNDA:1,(anonymous_5)
DA:11,1
DA:12,28
DA:13,28
DA:14,28
DA:15,28
DA:16,28
DA:17,28
DA:18,28
DA:19,17
DA:20,2
DA:22,17
DA:23,1
DA:25,17
DA:26,3
DA:27,14
DA:28,14
DA:30,17
DA:33,28
DA:34,1
DA:37,28
DA:38,3
DA:40,1
DA:41,1
DA:42,1
DA:45,3
DA:47,2
DA:48,2
DA:49,2
DA:51,3
DA:52,3
DA:55,28
DA:56,0
DA:57,0
DA:58,0
DA:59,0
DA:60,0
DA:61,0
DA:62,0
DA:65,28
DA:72,1
DA:73,1
DA:74,1
DA:75,1
DA:76,1
LF:44
LH:37
BRDA:19,0,0,2
BRDA:19,0,1,15
BRDA:22,1,0,1
BRDA:22,1,1,16
BRDA:25,2,0,3
BRDA:25,2,1,14
BRDA:25,3,0,17
BRDA:25,3,1,15
BRDA:27,4,0,14
BRDA:27,4,1,0
BRDA:27,5,0,14
BRDA:27,5,1,0
BRDA:38,6,0,1
BRDA:38,6,1,2
BRDA:45,7,0,2
BRDA:45,7,1,1
BRDA:83,8,0,1
BRDA:83,8,1,27
BRDA:83,9,0,28
BRDA:83,9,1,1
BRDA:94,10,0,2
BRDA:94,10,1,25
BRDA:94,11,0,27
BRDA:94,11,1,2
BRDA:105,12,0,25
BRDA:105,12,1,0
BRDA:128,13,0,0
BRDA:128,13,1,0
BRF:28
BRH:23
end_of_record
TN:
SF:src\components\header\sidebar.js
FN:5,(anonymous_0)
FN:34,(anonymous_1)
FN:43,(anonymous_2)
FN:53,(anonymous_3)
FN:61,(anonymous_4)
FNF:5
FNH:1
FNDA:21,(anonymous_0)
FNDA:0,(anonymous_1)
FNDA:0,(anonymous_2)
FNDA:0,(anonymous_3)
FNDA:0,(anonymous_4)
DA:5,1
DA:13,21
DA:34,0
DA:43,0
DA:53,0
DA:61,0
LF:6
LH:2
BRDA:14,0,0,1
BRDA:14,0,1,20
BRDA:21,1,0,21
BRDA:21,1,1,0
BRDA:30,2,0,21
BRDA:30,2,1,0
BRDA:32,3,0,1
BRDA:32,3,1,20
BRDA:40,4,0,2
BRDA:40,4,1,18
BRDA:71,5,0,21
BRDA:71,5,1,0
BRF:12
BRH:9
end_of_record
TN:
SF:src\components\imageGallery\ImageGallerry.jsx
FN:55,(anonymous_0)
FN:61,(anonymous_1)
FN:65,(anonymous_2)
FN:77,(anonymous_3)
FN:86,(anonymous_4)
FN:91,(anonymous_5)
FN:95,(anonymous_6)
FNF:7
FNH:0
FNDA:0,(anonymous_0)
FNDA:0,(anonymous_1)
FNDA:0,(anonymous_2)
FNDA:0,(anonymous_3)
FNDA:0,(anonymous_4)
FNDA:0,(anonymous_5)
FNDA:0,(anonymous_6)
DA:8,0
DA:45,0
DA:49,0
DA:55,0
DA:56,0
DA:57,0
DA:58,0
DA:59,0
DA:61,0
DA:62,0
DA:65,0
DA:66,0
DA:67,0
DA:70,0
DA:78,0
DA:86,0
DA:91,0
DA:95,0
LF:18
LH:0
BRF:0
BRH:0
end_of_record
TN:
SF:src\components\pagination\PaginationControll.jsx
FN:4,(anonymous_0)
FNF:1
FNH:0
FNDA:0,(anonymous_0)
DA:4,1
DA:6,0
LF:2
LH:1
BRF:0
BRH:0
end_of_record
TN:
SF:src\contexts\ContextProvider.js
FN:6,(anonymous_0)
FN:46,(anonymous_1)
FN:51,(anonymous_2)
FN:62,(anonymous_3)
FN:67,(anonymous_4)
FN:110,(anonymous_5)
FNF:6
FNH:5
FNDA:11,(anonymous_0)
FNDA:11,(anonymous_1)
FNDA:11,(anonymous_2)
FNDA:11,(anonymous_3)
FNDA:0,(anonymous_4)
FNDA:35,(anonymous_5)
DA:5,3
DA:6,3
DA:7,11
DA:37,11
DA:38,11
DA:39,11
DA:40,11
DA:41,11
DA:42,11
DA:43,11
DA:44,11
DA:46,11
DA:47,11
DA:48,11
DA:51,11
DA:52,11
DA:54,0
DA:55,0
DA:56,0
DA:58,0
DA:60,0
DA:62,11
DA:63,11
DA:64,0
DA:67,11
DA:68,0
DA:70,0
DA:71,0
DA:72,0
DA:73,0
DA:79,0
DA:82,11
DA:110,35
LF:33
LH:21
BRDA:54,0,0,0
BRDA:54,0,1,0
BRF:2
BRH:0
end_of_record
TN:
SF:src\layouts\App.js
FN:6,App
FNF:1
FNH:1
FNDA:7,App
DA:7,7
LF:1
LH:1
BRF:0
BRH:0
end_of_record
